[0.023s] Invoking command in '/external/src/unitree_ros2/cyclonedds_ws/build/unitree_api': CMAKE_PREFIX_PATH=/opt/ros/humble /usr/bin/cmake --build /external/src/unitree_ros2/cyclonedds_ws/build/unitree_api -- -j4 -l4
[0.103s] [  1%] [34m[1mGenerating C code for ROS interfaces[0m
[0.120s] [  2%] [34m[1mGenerating C++ code for ROS interfaces[0m
[0.134s] [  3%] Built target unitree_api__dds_connext_idl
[0.148s] [  3%] Built target ament_cmake_python_symlink_unitree_api
[1.156s] running egg_info
[1.170s] writing unitree_api.egg-info/PKG-INFO
[1.170s] writing dependency_links to unitree_api.egg-info/dependency_links.txt
[1.171s] writing top-level names to unitree_api.egg-info/top_level.txt
[1.175s] reading manifest file 'unitree_api.egg-info/SOURCES.txt'
[1.188s] writing manifest file 'unitree_api.egg-info/SOURCES.txt'
[1.350s] [  3%] Built target ament_cmake_python_build_unitree_api_egg
[2.501s] [  4%] [32mBuilding C object CMakeFiles/unitree_api__rosidl_generator_c.dir/rosidl_generator_c/unitree_api/msg/detail/request_header__functions.c.o[0m
[2.504s] [  5%] [32mBuilding C object CMakeFiles/unitree_api__rosidl_generator_c.dir/rosidl_generator_c/unitree_api/msg/detail/request__functions.c.o[0m
[2.573s] [  6%] [32mBuilding C object CMakeFiles/unitree_api__rosidl_generator_c.dir/rosidl_generator_c/unitree_api/msg/detail/request_identity__functions.c.o[0m
[2.638s] [  7%] [32mBuilding C object CMakeFiles/unitree_api__rosidl_generator_c.dir/rosidl_generator_c/unitree_api/msg/detail/request_lease__functions.c.o[0m
[2.705s] [  7%] Built target unitree_api__cpp
[2.720s] [  9%] [32mBuilding C object CMakeFiles/unitree_api__rosidl_generator_c.dir/rosidl_generator_c/unitree_api/msg/detail/request_policy__functions.c.o[0m
[2.764s] [ 10%] [32mBuilding C object CMakeFiles/unitree_api__rosidl_generator_c.dir/rosidl_generator_c/unitree_api/msg/detail/response__functions.c.o[0m
[2.813s] [ 11%] [32mBuilding C object CMakeFiles/unitree_api__rosidl_generator_c.dir/rosidl_generator_c/unitree_api/msg/detail/response_header__functions.c.o[0m
[2.825s] [ 12%] [32mBuilding C object CMakeFiles/unitree_api__rosidl_generator_c.dir/rosidl_generator_c/unitree_api/msg/detail/response_status__functions.c.o[0m
[2.921s] [ 13%] [34m[1mGenerating C++ type support for eProsima Fast-RTPS[0m
[2.965s] [ 14%] [34m[1mGenerating C++ introspection for ROS interfaces[0m
[3.049s] [ 15%] [32m[1mLinking C shared library libunitree_api__rosidl_generator_c.so[0m
[3.061s] [ 17%] [34m[1mGenerating C++ type support dispatch for ROS interfaces[0m
[3.232s] [ 17%] Built target unitree_api__rosidl_generator_c
[3.292s] [ 18%] [34m[1mGenerating C type support for eProsima Fast-RTPS[0m
[4.134s] [ 19%] [32mBuilding CXX object CMakeFiles/unitree_api__rosidl_typesupport_cpp.dir/rosidl_typesupport_cpp/unitree_api/msg/request__type_support.cpp.o[0m
[4.763s] [ 20%] [32mBuilding CXX object CMakeFiles/unitree_api__rosidl_typesupport_cpp.dir/rosidl_typesupport_cpp/unitree_api/msg/request_header__type_support.cpp.o[0m
[4.803s] [ 21%] [32mBuilding CXX object CMakeFiles/unitree_api__rosidl_typesupport_fastrtps_cpp.dir/rosidl_typesupport_fastrtps_cpp/unitree_api/msg/detail/dds_fastrtps/request__type_support.cpp.o[0m
[5.073s] [ 22%] [32mBuilding CXX object CMakeFiles/unitree_api__rosidl_typesupport_introspection_cpp.dir/rosidl_typesupport_introspection_cpp/unitree_api/msg/detail/request__type_support.cpp.o[0m
[5.151s] [ 23%] [32mBuilding CXX object CMakeFiles/unitree_api__rosidl_typesupport_fastrtps_c.dir/rosidl_typesupport_fastrtps_c/unitree_api/msg/detail/request__type_support_c.cpp.o[0m
[5.679s] [ 25%] [32mBuilding CXX object CMakeFiles/unitree_api__rosidl_typesupport_cpp.dir/rosidl_typesupport_cpp/unitree_api/msg/request_identity__type_support.cpp.o[0m
[6.265s] [ 26%] [32mBuilding CXX object CMakeFiles/unitree_api__rosidl_typesupport_fastrtps_cpp.dir/rosidl_typesupport_fastrtps_cpp/unitree_api/msg/detail/dds_fastrtps/request_header__type_support.cpp.o[0m
[6.393s] [ 27%] [32mBuilding CXX object CMakeFiles/unitree_api__rosidl_typesupport_fastrtps_c.dir/rosidl_typesupport_fastrtps_c/unitree_api/msg/detail/request_header__type_support_c.cpp.o[0m
[6.869s] [ 28%] [32mBuilding CXX object CMakeFiles/unitree_api__rosidl_typesupport_introspection_cpp.dir/rosidl_typesupport_introspection_cpp/unitree_api/msg/detail/request_header__type_support.cpp.o[0m
[6.872s] [ 29%] [32mBuilding CXX object CMakeFiles/unitree_api__rosidl_typesupport_cpp.dir/rosidl_typesupport_cpp/unitree_api/msg/request_lease__type_support.cpp.o[0m
[7.809s] [ 30%] [32mBuilding CXX object CMakeFiles/unitree_api__rosidl_typesupport_fastrtps_c.dir/rosidl_typesupport_fastrtps_c/unitree_api/msg/detail/request_identity__type_support_c.cpp.o[0m
[7.868s] [ 31%] [32mBuilding CXX object CMakeFiles/unitree_api__rosidl_typesupport_fastrtps_cpp.dir/rosidl_typesupport_fastrtps_cpp/unitree_api/msg/detail/dds_fastrtps/request_identity__type_support.cpp.o[0m
[8.205s] [ 32%] [32mBuilding CXX object CMakeFiles/unitree_api__rosidl_typesupport_cpp.dir/rosidl_typesupport_cpp/unitree_api/msg/request_policy__type_support.cpp.o[0m
[8.409s] [ 34%] [32mBuilding CXX object CMakeFiles/unitree_api__rosidl_typesupport_introspection_cpp.dir/rosidl_typesupport_introspection_cpp/unitree_api/msg/detail/request_identity__type_support.cpp.o[0m
[9.087s] [ 35%] [32mBuilding CXX object CMakeFiles/unitree_api__rosidl_typesupport_fastrtps_c.dir/rosidl_typesupport_fastrtps_c/unitree_api/msg/detail/request_lease__type_support_c.cpp.o[0m
[9.457s] [ 36%] [32mBuilding CXX object CMakeFiles/unitree_api__rosidl_typesupport_fastrtps_cpp.dir/rosidl_typesupport_fastrtps_cpp/unitree_api/msg/detail/dds_fastrtps/request_lease__type_support.cpp.o[0m
[9.565s] [ 37%] [32mBuilding CXX object CMakeFiles/unitree_api__rosidl_typesupport_cpp.dir/rosidl_typesupport_cpp/unitree_api/msg/response__type_support.cpp.o[0m
[9.956s] [ 38%] [32mBuilding CXX object CMakeFiles/unitree_api__rosidl_typesupport_introspection_cpp.dir/rosidl_typesupport_introspection_cpp/unitree_api/msg/detail/request_lease__type_support.cpp.o[0m
[10.294s] [ 39%] [32mBuilding CXX object CMakeFiles/unitree_api__rosidl_typesupport_fastrtps_c.dir/rosidl_typesupport_fastrtps_c/unitree_api/msg/detail/request_policy__type_support_c.cpp.o[0m
[10.779s] [ 40%] [32mBuilding CXX object CMakeFiles/unitree_api__rosidl_typesupport_cpp.dir/rosidl_typesupport_cpp/unitree_api/msg/response_header__type_support.cpp.o[0m
[11.034s] [ 42%] [32mBuilding CXX object CMakeFiles/unitree_api__rosidl_typesupport_fastrtps_cpp.dir/rosidl_typesupport_fastrtps_cpp/unitree_api/msg/detail/dds_fastrtps/request_policy__type_support.cpp.o[0m
[11.689s] [ 43%] [32mBuilding CXX object CMakeFiles/unitree_api__rosidl_typesupport_fastrtps_c.dir/rosidl_typesupport_fastrtps_c/unitree_api/msg/detail/response__type_support_c.cpp.o[0m
[11.841s] [ 44%] [32mBuilding CXX object CMakeFiles/unitree_api__rosidl_typesupport_introspection_cpp.dir/rosidl_typesupport_introspection_cpp/unitree_api/msg/detail/request_policy__type_support.cpp.o[0m
[11.850s] [ 45%] [32mBuilding CXX object CMakeFiles/unitree_api__rosidl_typesupport_cpp.dir/rosidl_typesupport_cpp/unitree_api/msg/response_status__type_support.cpp.o[0m
[12.577s] [ 46%] [32mBuilding CXX object CMakeFiles/unitree_api__rosidl_typesupport_fastrtps_cpp.dir/rosidl_typesupport_fastrtps_cpp/unitree_api/msg/detail/dds_fastrtps/response__type_support.cpp.o[0m
[12.851s] [ 47%] [32m[1mLinking CXX shared library libunitree_api__rosidl_typesupport_cpp.so[0m
[13.013s] [ 47%] Built target unitree_api__rosidl_typesupport_cpp
[13.070s] [ 48%] [32mBuilding CXX object CMakeFiles/unitree_api__rosidl_typesupport_fastrtps_cpp.dir/rosidl_typesupport_fastrtps_cpp/unitree_api/msg/detail/dds_fastrtps/response_header__type_support.cpp.o[0m
[13.180s] [ 50%] [32mBuilding CXX object CMakeFiles/unitree_api__rosidl_typesupport_fastrtps_c.dir/rosidl_typesupport_fastrtps_c/unitree_api/msg/detail/response_header__type_support_c.cpp.o[0m
[13.517s] [ 51%] [32mBuilding CXX object CMakeFiles/unitree_api__rosidl_typesupport_introspection_cpp.dir/rosidl_typesupport_introspection_cpp/unitree_api/msg/detail/response__type_support.cpp.o[0m
[14.454s] [ 52%] [32mBuilding CXX object CMakeFiles/unitree_api__rosidl_typesupport_introspection_cpp.dir/rosidl_typesupport_introspection_cpp/unitree_api/msg/detail/response_header__type_support.cpp.o[0m
[14.645s] [ 53%] [32mBuilding CXX object CMakeFiles/unitree_api__rosidl_typesupport_fastrtps_c.dir/rosidl_typesupport_fastrtps_c/unitree_api/msg/detail/response_status__type_support_c.cpp.o[0m
[14.648s] [ 54%] [32mBuilding CXX object CMakeFiles/unitree_api__rosidl_typesupport_fastrtps_cpp.dir/rosidl_typesupport_fastrtps_cpp/unitree_api/msg/detail/dds_fastrtps/response_status__type_support.cpp.o[0m
[15.310s] [ 55%] [32mBuilding CXX object CMakeFiles/unitree_api__rosidl_typesupport_introspection_cpp.dir/rosidl_typesupport_introspection_cpp/unitree_api/msg/detail/response_status__type_support.cpp.o[0m
[16.152s] [ 56%] [34m[1mGenerating C introspection for ROS interfaces[0m
[16.214s] [ 57%] [32m[1mLinking CXX shared library libunitree_api__rosidl_typesupport_fastrtps_c.so[0m
[16.394s] [ 59%] [32m[1mLinking CXX shared library libunitree_api__rosidl_typesupport_fastrtps_cpp.so[0m
[16.652s] [ 59%] Built target unitree_api__rosidl_typesupport_fastrtps_c
[16.742s] [ 60%] [34m[1mGenerating C type support dispatch for ROS interfaces[0m
[16.803s] [ 60%] Built target unitree_api__rosidl_typesupport_fastrtps_cpp
[16.918s] [ 61%] [32m[1mLinking CXX shared library libunitree_api__rosidl_typesupport_introspection_cpp.so[0m
[17.278s] [ 61%] Built target unitree_api__rosidl_typesupport_introspection_cpp
[17.788s] [ 62%] [32mBuilding CXX object CMakeFiles/unitree_api__rosidl_typesupport_c.dir/rosidl_typesupport_c/unitree_api/msg/request__type_support.cpp.o[0m
[17.871s] [ 63%] [32mBuilding CXX object CMakeFiles/unitree_api__rosidl_typesupport_c.dir/rosidl_typesupport_c/unitree_api/msg/request_header__type_support.cpp.o[0m
[17.903s] [ 64%] [32mBuilding CXX object CMakeFiles/unitree_api__rosidl_typesupport_c.dir/rosidl_typesupport_c/unitree_api/msg/request_identity__type_support.cpp.o[0m
[17.904s] [ 65%] [32mBuilding CXX object CMakeFiles/unitree_api__rosidl_typesupport_c.dir/rosidl_typesupport_c/unitree_api/msg/request_lease__type_support.cpp.o[0m
[18.051s] [ 67%] [32mBuilding CXX object CMakeFiles/unitree_api__rosidl_typesupport_c.dir/rosidl_typesupport_c/unitree_api/msg/request_policy__type_support.cpp.o[0m
[18.078s] [ 68%] [32mBuilding CXX object CMakeFiles/unitree_api__rosidl_typesupport_c.dir/rosidl_typesupport_c/unitree_api/msg/response_header__type_support.cpp.o[0m
[18.082s] [ 69%] [32mBuilding CXX object CMakeFiles/unitree_api__rosidl_typesupport_c.dir/rosidl_typesupport_c/unitree_api/msg/response__type_support.cpp.o[0m
[18.220s] [ 70%] [32mBuilding CXX object CMakeFiles/unitree_api__rosidl_typesupport_c.dir/rosidl_typesupport_c/unitree_api/msg/response_status__type_support.cpp.o[0m
[18.230s] [ 71%] [32mBuilding C object CMakeFiles/unitree_api__rosidl_typesupport_introspection_c.dir/rosidl_typesupport_introspection_c/unitree_api/msg/detail/request__type_support.c.o[0m
[18.241s] [ 72%] [32mBuilding C object CMakeFiles/unitree_api__rosidl_typesupport_introspection_c.dir/rosidl_typesupport_introspection_c/unitree_api/msg/detail/request_header__type_support.c.o[0m
[18.268s] [ 73%] [32mBuilding C object CMakeFiles/unitree_api__rosidl_typesupport_introspection_c.dir/rosidl_typesupport_introspection_c/unitree_api/msg/detail/request_identity__type_support.c.o[0m
[18.358s] [ 75%] [32m[1mLinking CXX shared library libunitree_api__rosidl_typesupport_c.so[0m
[18.440s] [ 76%] [32mBuilding C object CMakeFiles/unitree_api__rosidl_typesupport_introspection_c.dir/rosidl_typesupport_introspection_c/unitree_api/msg/detail/request_lease__type_support.c.o[0m
[18.443s] [ 77%] [32mBuilding C object CMakeFiles/unitree_api__rosidl_typesupport_introspection_c.dir/rosidl_typesupport_introspection_c/unitree_api/msg/detail/request_policy__type_support.c.o[0m
[18.473s] [ 78%] [32mBuilding C object CMakeFiles/unitree_api__rosidl_typesupport_introspection_c.dir/rosidl_typesupport_introspection_c/unitree_api/msg/detail/response__type_support.c.o[0m
[18.582s] [ 78%] Built target unitree_api__rosidl_typesupport_c
[18.594s] [ 79%] [32mBuilding C object CMakeFiles/unitree_api__rosidl_typesupport_introspection_c.dir/rosidl_typesupport_introspection_c/unitree_api/msg/detail/response_status__type_support.c.o[0m
[18.597s] [ 80%] [32mBuilding C object CMakeFiles/unitree_api__rosidl_typesupport_introspection_c.dir/rosidl_typesupport_introspection_c/unitree_api/msg/detail/response_header__type_support.c.o[0m
[18.787s] [ 81%] [32m[1mLinking C shared library libunitree_api__rosidl_typesupport_introspection_c.so[0m
[18.943s] [ 81%] Built target unitree_api__rosidl_typesupport_introspection_c
[18.997s] [ 81%] Built target unitree_api
[19.130s] [ 82%] [34m[1mGenerating Python code for ROS interfaces[0m
[21.647s] [ 82%] Built target unitree_api__py
[21.699s] [ 84%] [32mBuilding C object CMakeFiles/unitree_api__rosidl_generator_py.dir/rosidl_generator_py/unitree_api/msg/_request_header_s.c.o[0m
[21.714s] [ 85%] [32mBuilding C object CMakeFiles/unitree_api__rosidl_generator_py.dir/rosidl_generator_py/unitree_api/msg/_request_s.c.o[0m
[21.734s] [ 86%] [32mBuilding C object CMakeFiles/unitree_api__rosidl_generator_py.dir/rosidl_generator_py/unitree_api/msg/_request_identity_s.c.o[0m
[21.737s] [ 87%] [32mBuilding C object CMakeFiles/unitree_api__rosidl_generator_py.dir/rosidl_generator_py/unitree_api/msg/_request_lease_s.c.o[0m
[22.194s] [ 88%] [32mBuilding C object CMakeFiles/unitree_api__rosidl_generator_py.dir/rosidl_generator_py/unitree_api/msg/_response_header_s.c.o[0m
[22.199s] [ 89%] [32mBuilding C object CMakeFiles/unitree_api__rosidl_generator_py.dir/rosidl_generator_py/unitree_api/msg/_response_s.c.o[0m
[22.202s] [ 90%] [32mBuilding C object CMakeFiles/unitree_api__rosidl_generator_py.dir/rosidl_generator_py/unitree_api/msg/_request_policy_s.c.o[0m
[22.211s] [ 92%] [32mBuilding C object CMakeFiles/unitree_api__rosidl_generator_py.dir/rosidl_generator_py/unitree_api/msg/_response_status_s.c.o[0m
[22.740s] [ 93%] [32m[1mLinking C shared library rosidl_generator_py/unitree_api/libunitree_api__rosidl_generator_py.so[0m
[22.920s] [ 93%] Built target unitree_api__rosidl_generator_py
[22.984s] [ 94%] [32mBuilding C object CMakeFiles/unitree_api__rosidl_typesupport_introspection_c__pyext.dir/rosidl_generator_py/unitree_api/_unitree_api_s.ep.rosidl_typesupport_introspection_c.c.o[0m
[23.000s] [ 95%] [32mBuilding C object CMakeFiles/unitree_api__rosidl_typesupport_c__pyext.dir/rosidl_generator_py/unitree_api/_unitree_api_s.ep.rosidl_typesupport_c.c.o[0m
[23.013s] [ 96%] [32mBuilding C object CMakeFiles/unitree_api__rosidl_typesupport_fastrtps_c__pyext.dir/rosidl_generator_py/unitree_api/_unitree_api_s.ep.rosidl_typesupport_fastrtps_c.c.o[0m
[23.391s] [ 97%] [32m[1mLinking C shared library rosidl_generator_py/unitree_api/unitree_api_s__rosidl_typesupport_fastrtps_c.cpython-310-aarch64-linux-gnu.so[0m
[23.407s] [ 98%] [32m[1mLinking C shared library rosidl_generator_py/unitree_api/unitree_api_s__rosidl_typesupport_c.cpython-310-aarch64-linux-gnu.so[0m
[23.462s] [100%] [32m[1mLinking C shared library rosidl_generator_py/unitree_api/unitree_api_s__rosidl_typesupport_introspection_c.cpython-310-aarch64-linux-gnu.so[0m
[23.543s] [100%] Built target unitree_api__rosidl_typesupport_fastrtps_c__pyext
[23.582s] [100%] Built target unitree_api__rosidl_typesupport_c__pyext
[23.592s] [100%] Built target unitree_api__rosidl_typesupport_introspection_c__pyext
[23.645s] Invoked command in '/external/src/unitree_ros2/cyclonedds_ws/build/unitree_api' returned '0': CMAKE_PREFIX_PATH=/opt/ros/humble /usr/bin/cmake --build /external/src/unitree_ros2/cyclonedds_ws/build/unitree_api -- -j4 -l4
[25.564s] Invoking command in '/external/src/unitree_ros2/cyclonedds_ws/build/unitree_api': CMAKE_PREFIX_PATH=/opt/ros/humble /usr/bin/cmake --install /external/src/unitree_ros2/cyclonedds_ws/build/unitree_api
[25.583s] -- Install configuration: ""
[25.584s] -- Execute custom install script
[25.585s] -- Symlinking: /external/src/unitree_ros2/cyclonedds_ws/install/unitree_api/share/ament_index/resource_index/rosidl_interfaces/unitree_api
[25.603s] -- Symlinking: /external/src/unitree_ros2/cyclonedds_ws/install/unitree_api/include/unitree_api/unitree_api/msg/detail/request__functions.h
[25.629s] -- Symlinking: /external/src/unitree_ros2/cyclonedds_ws/install/unitree_api/include/unitree_api/unitree_api/msg/detail/request__struct.h
[25.646s] -- Symlinking: /external/src/unitree_ros2/cyclonedds_ws/install/unitree_api/include/unitree_api/unitree_api/msg/detail/request__type_support.h
[25.662s] -- Symlinking: /external/src/unitree_ros2/cyclonedds_ws/install/unitree_api/include/unitree_api/unitree_api/msg/detail/request_header__functions.h
[25.680s] -- Symlinking: /external/src/unitree_ros2/cyclonedds_ws/install/unitree_api/include/unitree_api/unitree_api/msg/detail/request_header__struct.h
[25.725s] -- Symlinking: /external/src/unitree_ros2/cyclonedds_ws/install/unitree_api/include/unitree_api/unitree_api/msg/detail/request_header__type_support.h
[25.769s] -- Symlinking: /external/src/unitree_ros2/cyclonedds_ws/install/unitree_api/include/unitree_api/unitree_api/msg/detail/request_identity__functions.h
[25.818s] -- Symlinking: /external/src/unitree_ros2/cyclonedds_ws/install/unitree_api/include/unitree_api/unitree_api/msg/detail/request_identity__struct.h
[25.858s] -- Symlinking: /external/src/unitree_ros2/cyclonedds_ws/install/unitree_api/include/unitree_api/unitree_api/msg/detail/request_identity__type_support.h
[25.898s] -- Symlinking: /external/src/unitree_ros2/cyclonedds_ws/install/unitree_api/include/unitree_api/unitree_api/msg/detail/request_lease__functions.h
[25.917s] -- Symlinking: /external/src/unitree_ros2/cyclonedds_ws/install/unitree_api/include/unitree_api/unitree_api/msg/detail/request_lease__struct.h
[25.934s] -- Symlinking: /external/src/unitree_ros2/cyclonedds_ws/install/unitree_api/include/unitree_api/unitree_api/msg/detail/request_lease__type_support.h
[25.951s] -- Symlinking: /external/src/unitree_ros2/cyclonedds_ws/install/unitree_api/include/unitree_api/unitree_api/msg/detail/request_policy__functions.h
[25.968s] -- Symlinking: /external/src/unitree_ros2/cyclonedds_ws/install/unitree_api/include/unitree_api/unitree_api/msg/detail/request_policy__struct.h
[25.985s] -- Symlinking: /external/src/unitree_ros2/cyclonedds_ws/install/unitree_api/include/unitree_api/unitree_api/msg/detail/request_policy__type_support.h
[26.003s] -- Symlinking: /external/src/unitree_ros2/cyclonedds_ws/install/unitree_api/include/unitree_api/unitree_api/msg/detail/response__functions.h
[26.020s] -- Symlinking: /external/src/unitree_ros2/cyclonedds_ws/install/unitree_api/include/unitree_api/unitree_api/msg/detail/response__struct.h
[26.038s] -- Symlinking: /external/src/unitree_ros2/cyclonedds_ws/install/unitree_api/include/unitree_api/unitree_api/msg/detail/response__type_support.h
[26.056s] -- Symlinking: /external/src/unitree_ros2/cyclonedds_ws/install/unitree_api/include/unitree_api/unitree_api/msg/detail/response_header__functions.h
[26.074s] -- Symlinking: /external/src/unitree_ros2/cyclonedds_ws/install/unitree_api/include/unitree_api/unitree_api/msg/detail/response_header__struct.h
[26.091s] -- Symlinking: /external/src/unitree_ros2/cyclonedds_ws/install/unitree_api/include/unitree_api/unitree_api/msg/detail/response_header__type_support.h
[26.108s] -- Symlinking: /external/src/unitree_ros2/cyclonedds_ws/install/unitree_api/include/unitree_api/unitree_api/msg/detail/response_status__functions.h
[26.125s] -- Symlinking: /external/src/unitree_ros2/cyclonedds_ws/install/unitree_api/include/unitree_api/unitree_api/msg/detail/response_status__struct.h
[26.143s] -- Symlinking: /external/src/unitree_ros2/cyclonedds_ws/install/unitree_api/include/unitree_api/unitree_api/msg/detail/response_status__type_support.h
[26.160s] -- Symlinking: /external/src/unitree_ros2/cyclonedds_ws/install/unitree_api/include/unitree_api/unitree_api/msg/request.h
[26.177s] -- Symlinking: /external/src/unitree_ros2/cyclonedds_ws/install/unitree_api/include/unitree_api/unitree_api/msg/request_header.h
[26.194s] -- Symlinking: /external/src/unitree_ros2/cyclonedds_ws/install/unitree_api/include/unitree_api/unitree_api/msg/request_identity.h
[26.212s] -- Symlinking: /external/src/unitree_ros2/cyclonedds_ws/install/unitree_api/include/unitree_api/unitree_api/msg/request_lease.h
[26.248s] -- Symlinking: /external/src/unitree_ros2/cyclonedds_ws/install/unitree_api/include/unitree_api/unitree_api/msg/request_policy.h
[26.278s] -- Symlinking: /external/src/unitree_ros2/cyclonedds_ws/install/unitree_api/include/unitree_api/unitree_api/msg/response.h
[26.329s] -- Symlinking: /external/src/unitree_ros2/cyclonedds_ws/install/unitree_api/include/unitree_api/unitree_api/msg/response_header.h
[26.383s] -- Symlinking: /external/src/unitree_ros2/cyclonedds_ws/install/unitree_api/include/unitree_api/unitree_api/msg/response_status.h
[26.416s] -- Symlinking: /external/src/unitree_ros2/cyclonedds_ws/install/unitree_api/include/unitree_api/unitree_api/msg/rosidl_generator_c__visibility_control.h
[26.436s] -- Symlinking: /external/src/unitree_ros2/cyclonedds_ws/install/unitree_api/share/unitree_api/environment/library_path.sh
[26.460s] -- Symlinking: /external/src/unitree_ros2/cyclonedds_ws/install/unitree_api/share/unitree_api/environment/library_path.dsv
[26.477s] -- Symlinking: /external/src/unitree_ros2/cyclonedds_ws/install/unitree_api/include/unitree_api/unitree_api/msg/detail/request__rosidl_typesupport_fastrtps_c.h
[26.494s] -- Symlinking: /external/src/unitree_ros2/cyclonedds_ws/install/unitree_api/include/unitree_api/unitree_api/msg/detail/request_header__rosidl_typesupport_fastrtps_c.h
[26.511s] -- Symlinking: /external/src/unitree_ros2/cyclonedds_ws/install/unitree_api/include/unitree_api/unitree_api/msg/detail/request_identity__rosidl_typesupport_fastrtps_c.h
[26.532s] -- Symlinking: /external/src/unitree_ros2/cyclonedds_ws/install/unitree_api/include/unitree_api/unitree_api/msg/detail/request_lease__rosidl_typesupport_fastrtps_c.h
[26.558s] -- Symlinking: /external/src/unitree_ros2/cyclonedds_ws/install/unitree_api/include/unitree_api/unitree_api/msg/detail/request_policy__rosidl_typesupport_fastrtps_c.h
[26.574s] -- Symlinking: /external/src/unitree_ros2/cyclonedds_ws/install/unitree_api/include/unitree_api/unitree_api/msg/detail/response__rosidl_typesupport_fastrtps_c.h
[26.606s] -- Symlinking: /external/src/unitree_ros2/cyclonedds_ws/install/unitree_api/include/unitree_api/unitree_api/msg/detail/response_header__rosidl_typesupport_fastrtps_c.h
[26.638s] -- Symlinking: /external/src/unitree_ros2/cyclonedds_ws/install/unitree_api/include/unitree_api/unitree_api/msg/detail/response_status__rosidl_typesupport_fastrtps_c.h
[26.682s] -- Symlinking: /external/src/unitree_ros2/cyclonedds_ws/install/unitree_api/include/unitree_api/unitree_api/msg/rosidl_typesupport_fastrtps_c__visibility_control.h
[26.722s] -- Symlinking: /external/src/unitree_ros2/cyclonedds_ws/install/unitree_api/include/unitree_api/unitree_api/msg/detail/request__builder.hpp
[26.762s] -- Symlinking: /external/src/unitree_ros2/cyclonedds_ws/install/unitree_api/include/unitree_api/unitree_api/msg/detail/request__struct.hpp
[26.806s] -- Symlinking: /external/src/unitree_ros2/cyclonedds_ws/install/unitree_api/include/unitree_api/unitree_api/msg/detail/request__traits.hpp
[26.845s] -- Symlinking: /external/src/unitree_ros2/cyclonedds_ws/install/unitree_api/include/unitree_api/unitree_api/msg/detail/request_header__builder.hpp
[26.885s] -- Symlinking: /external/src/unitree_ros2/cyclonedds_ws/install/unitree_api/include/unitree_api/unitree_api/msg/detail/request_header__struct.hpp
[26.937s] -- Symlinking: /external/src/unitree_ros2/cyclonedds_ws/install/unitree_api/include/unitree_api/unitree_api/msg/detail/request_header__traits.hpp
[26.962s] -- Symlinking: /external/src/unitree_ros2/cyclonedds_ws/install/unitree_api/include/unitree_api/unitree_api/msg/detail/request_identity__builder.hpp
[26.996s] -- Symlinking: /external/src/unitree_ros2/cyclonedds_ws/install/unitree_api/include/unitree_api/unitree_api/msg/detail/request_identity__struct.hpp
[27.030s] -- Symlinking: /external/src/unitree_ros2/cyclonedds_ws/install/unitree_api/include/unitree_api/unitree_api/msg/detail/request_identity__traits.hpp
[27.066s] -- Symlinking: /external/src/unitree_ros2/cyclonedds_ws/install/unitree_api/include/unitree_api/unitree_api/msg/detail/request_lease__builder.hpp
[27.105s] -- Symlinking: /external/src/unitree_ros2/cyclonedds_ws/install/unitree_api/include/unitree_api/unitree_api/msg/detail/request_lease__struct.hpp
[27.147s] -- Symlinking: /external/src/unitree_ros2/cyclonedds_ws/install/unitree_api/include/unitree_api/unitree_api/msg/detail/request_lease__traits.hpp
[27.183s] -- Symlinking: /external/src/unitree_ros2/cyclonedds_ws/install/unitree_api/include/unitree_api/unitree_api/msg/detail/request_policy__builder.hpp
[27.212s] -- Symlinking: /external/src/unitree_ros2/cyclonedds_ws/install/unitree_api/include/unitree_api/unitree_api/msg/detail/request_policy__struct.hpp
[27.249s] -- Symlinking: /external/src/unitree_ros2/cyclonedds_ws/install/unitree_api/include/unitree_api/unitree_api/msg/detail/request_policy__traits.hpp
[27.302s] -- Symlinking: /external/src/unitree_ros2/cyclonedds_ws/install/unitree_api/include/unitree_api/unitree_api/msg/detail/response__builder.hpp
[27.351s] -- Symlinking: /external/src/unitree_ros2/cyclonedds_ws/install/unitree_api/include/unitree_api/unitree_api/msg/detail/response__struct.hpp
[27.376s] -- Symlinking: /external/src/unitree_ros2/cyclonedds_ws/install/unitree_api/include/unitree_api/unitree_api/msg/detail/response__traits.hpp
[27.396s] -- Symlinking: /external/src/unitree_ros2/cyclonedds_ws/install/unitree_api/include/unitree_api/unitree_api/msg/detail/response_header__builder.hpp
[27.414s] -- Symlinking: /external/src/unitree_ros2/cyclonedds_ws/install/unitree_api/include/unitree_api/unitree_api/msg/detail/response_header__struct.hpp
[27.430s] -- Symlinking: /external/src/unitree_ros2/cyclonedds_ws/install/unitree_api/include/unitree_api/unitree_api/msg/detail/response_header__traits.hpp
[27.461s] -- Symlinking: /external/src/unitree_ros2/cyclonedds_ws/install/unitree_api/include/unitree_api/unitree_api/msg/detail/response_status__builder.hpp
[27.501s] -- Symlinking: /external/src/unitree_ros2/cyclonedds_ws/install/unitree_api/include/unitree_api/unitree_api/msg/detail/response_status__struct.hpp
[27.546s] -- Symlinking: /external/src/unitree_ros2/cyclonedds_ws/install/unitree_api/include/unitree_api/unitree_api/msg/detail/response_status__traits.hpp
[27.583s] -- Symlinking: /external/src/unitree_ros2/cyclonedds_ws/install/unitree_api/include/unitree_api/unitree_api/msg/request.hpp
[27.608s] -- Symlinking: /external/src/unitree_ros2/cyclonedds_ws/install/unitree_api/include/unitree_api/unitree_api/msg/request_header.hpp
[27.638s] -- Symlinking: /external/src/unitree_ros2/cyclonedds_ws/install/unitree_api/include/unitree_api/unitree_api/msg/request_identity.hpp
[27.670s] -- Symlinking: /external/src/unitree_ros2/cyclonedds_ws/install/unitree_api/include/unitree_api/unitree_api/msg/request_lease.hpp
[27.713s] -- Symlinking: /external/src/unitree_ros2/cyclonedds_ws/install/unitree_api/include/unitree_api/unitree_api/msg/request_policy.hpp
[27.761s] -- Symlinking: /external/src/unitree_ros2/cyclonedds_ws/install/unitree_api/include/unitree_api/unitree_api/msg/response.hpp
[27.805s] -- Symlinking: /external/src/unitree_ros2/cyclonedds_ws/install/unitree_api/include/unitree_api/unitree_api/msg/response_header.hpp
[27.865s] -- Symlinking: /external/src/unitree_ros2/cyclonedds_ws/install/unitree_api/include/unitree_api/unitree_api/msg/response_status.hpp
[27.923s] -- Symlinking: /external/src/unitree_ros2/cyclonedds_ws/install/unitree_api/include/unitree_api/unitree_api/msg/detail/request__rosidl_typesupport_fastrtps_cpp.hpp
[27.965s] -- Symlinking: /external/src/unitree_ros2/cyclonedds_ws/install/unitree_api/include/unitree_api/unitree_api/msg/detail/request_header__rosidl_typesupport_fastrtps_cpp.hpp
[28.030s] -- Symlinking: /external/src/unitree_ros2/cyclonedds_ws/install/unitree_api/include/unitree_api/unitree_api/msg/detail/request_identity__rosidl_typesupport_fastrtps_cpp.hpp
[28.060s] -- Symlinking: /external/src/unitree_ros2/cyclonedds_ws/install/unitree_api/include/unitree_api/unitree_api/msg/detail/request_lease__rosidl_typesupport_fastrtps_cpp.hpp
[28.093s] -- Symlinking: /external/src/unitree_ros2/cyclonedds_ws/install/unitree_api/include/unitree_api/unitree_api/msg/detail/request_policy__rosidl_typesupport_fastrtps_cpp.hpp
[28.122s] -- Symlinking: /external/src/unitree_ros2/cyclonedds_ws/install/unitree_api/include/unitree_api/unitree_api/msg/detail/response__rosidl_typesupport_fastrtps_cpp.hpp
[28.161s] -- Symlinking: /external/src/unitree_ros2/cyclonedds_ws/install/unitree_api/include/unitree_api/unitree_api/msg/detail/response_header__rosidl_typesupport_fastrtps_cpp.hpp
[28.201s] -- Symlinking: /external/src/unitree_ros2/cyclonedds_ws/install/unitree_api/include/unitree_api/unitree_api/msg/detail/response_status__rosidl_typesupport_fastrtps_cpp.hpp
[28.238s] -- Symlinking: /external/src/unitree_ros2/cyclonedds_ws/install/unitree_api/include/unitree_api/unitree_api/msg/rosidl_typesupport_fastrtps_cpp__visibility_control.h
[28.277s] -- Symlinking: /external/src/unitree_ros2/cyclonedds_ws/install/unitree_api/include/unitree_api/unitree_api/msg/detail/request__rosidl_typesupport_introspection_c.h
[28.301s] -- Symlinking: /external/src/unitree_ros2/cyclonedds_ws/install/unitree_api/include/unitree_api/unitree_api/msg/detail/request_header__rosidl_typesupport_introspection_c.h
[28.333s] -- Symlinking: /external/src/unitree_ros2/cyclonedds_ws/install/unitree_api/include/unitree_api/unitree_api/msg/detail/request_identity__rosidl_typesupport_introspection_c.h
[28.373s] -- Symlinking: /external/src/unitree_ros2/cyclonedds_ws/install/unitree_api/include/unitree_api/unitree_api/msg/detail/request_lease__rosidl_typesupport_introspection_c.h
[28.413s] -- Symlinking: /external/src/unitree_ros2/cyclonedds_ws/install/unitree_api/include/unitree_api/unitree_api/msg/detail/request_policy__rosidl_typesupport_introspection_c.h
[28.461s] -- Symlinking: /external/src/unitree_ros2/cyclonedds_ws/install/unitree_api/include/unitree_api/unitree_api/msg/detail/response__rosidl_typesupport_introspection_c.h
[28.505s] -- Symlinking: /external/src/unitree_ros2/cyclonedds_ws/install/unitree_api/include/unitree_api/unitree_api/msg/detail/response_header__rosidl_typesupport_introspection_c.h
[28.549s] -- Symlinking: /external/src/unitree_ros2/cyclonedds_ws/install/unitree_api/include/unitree_api/unitree_api/msg/detail/response_status__rosidl_typesupport_introspection_c.h
[28.585s] -- Symlinking: /external/src/unitree_ros2/cyclonedds_ws/install/unitree_api/include/unitree_api/unitree_api/msg/rosidl_typesupport_introspection_c__visibility_control.h
[28.605s] -- Symlinking: /external/src/unitree_ros2/cyclonedds_ws/install/unitree_api/include/unitree_api/unitree_api/msg/detail/request__rosidl_typesupport_introspection_cpp.hpp
[28.622s] -- Symlinking: /external/src/unitree_ros2/cyclonedds_ws/install/unitree_api/include/unitree_api/unitree_api/msg/detail/request_header__rosidl_typesupport_introspection_cpp.hpp
[28.638s] -- Symlinking: /external/src/unitree_ros2/cyclonedds_ws/install/unitree_api/include/unitree_api/unitree_api/msg/detail/request_identity__rosidl_typesupport_introspection_cpp.hpp
[28.655s] -- Symlinking: /external/src/unitree_ros2/cyclonedds_ws/install/unitree_api/include/unitree_api/unitree_api/msg/detail/request_lease__rosidl_typesupport_introspection_cpp.hpp
[28.683s] -- Symlinking: /external/src/unitree_ros2/cyclonedds_ws/install/unitree_api/include/unitree_api/unitree_api/msg/detail/request_policy__rosidl_typesupport_introspection_cpp.hpp
[28.718s] -- Symlinking: /external/src/unitree_ros2/cyclonedds_ws/install/unitree_api/include/unitree_api/unitree_api/msg/detail/response__rosidl_typesupport_introspection_cpp.hpp
[28.757s] -- Symlinking: /external/src/unitree_ros2/cyclonedds_ws/install/unitree_api/include/unitree_api/unitree_api/msg/detail/response_header__rosidl_typesupport_introspection_cpp.hpp
[28.797s] -- Symlinking: /external/src/unitree_ros2/cyclonedds_ws/install/unitree_api/include/unitree_api/unitree_api/msg/detail/response_status__rosidl_typesupport_introspection_cpp.hpp
[28.850s] -- Symlinking: /external/src/unitree_ros2/cyclonedds_ws/install/unitree_api/share/unitree_api/environment/pythonpath.sh
[28.894s] -- Symlinking: /external/src/unitree_ros2/cyclonedds_ws/install/unitree_api/share/unitree_api/environment/pythonpath.dsv
[28.947s] -- Symlinking: /external/src/unitree_ros2/cyclonedds_ws/install/unitree_api/local/lib/python3.10/dist-packages/unitree_api-0.0.0-py3.10.egg-info/PKG-INFO
[28.985s] -- Symlinking: /external/src/unitree_ros2/cyclonedds_ws/install/unitree_api/local/lib/python3.10/dist-packages/unitree_api-0.0.0-py3.10.egg-info/SOURCES.txt
[29.024s] -- Symlinking: /external/src/unitree_ros2/cyclonedds_ws/install/unitree_api/local/lib/python3.10/dist-packages/unitree_api-0.0.0-py3.10.egg-info/dependency_links.txt
[29.040s] -- Symlinking: /external/src/unitree_ros2/cyclonedds_ws/install/unitree_api/local/lib/python3.10/dist-packages/unitree_api-0.0.0-py3.10.egg-info/top_level.txt
[29.059s] -- Symlinking: /external/src/unitree_ros2/cyclonedds_ws/install/unitree_api/local/lib/python3.10/dist-packages/unitree_api/__init__.py
[29.075s] -- Symlinking: /external/src/unitree_ros2/cyclonedds_ws/install/unitree_api/local/lib/python3.10/dist-packages/unitree_api/_unitree_api_s.ep.rosidl_typesupport_c.c
[29.091s] -- Symlinking: /external/src/unitree_ros2/cyclonedds_ws/install/unitree_api/local/lib/python3.10/dist-packages/unitree_api/_unitree_api_s.ep.rosidl_typesupport_fastrtps_c.c
[29.109s] -- Symlinking: /external/src/unitree_ros2/cyclonedds_ws/install/unitree_api/local/lib/python3.10/dist-packages/unitree_api/_unitree_api_s.ep.rosidl_typesupport_introspection_c.c
[29.125s] -- Symlinking: /external/src/unitree_ros2/cyclonedds_ws/install/unitree_api/local/lib/python3.10/dist-packages/unitree_api/libunitree_api__rosidl_generator_py.so
[29.142s] -- Symlinking: /external/src/unitree_ros2/cyclonedds_ws/install/unitree_api/local/lib/python3.10/dist-packages/unitree_api/msg/__init__.py
[29.158s] -- Symlinking: /external/src/unitree_ros2/cyclonedds_ws/install/unitree_api/local/lib/python3.10/dist-packages/unitree_api/msg/_request.py
[29.175s] -- Symlinking: /external/src/unitree_ros2/cyclonedds_ws/install/unitree_api/local/lib/python3.10/dist-packages/unitree_api/msg/_request_header.py
[29.192s] -- Symlinking: /external/src/unitree_ros2/cyclonedds_ws/install/unitree_api/local/lib/python3.10/dist-packages/unitree_api/msg/_request_header_s.c
[29.209s] -- Symlinking: /external/src/unitree_ros2/cyclonedds_ws/install/unitree_api/local/lib/python3.10/dist-packages/unitree_api/msg/_request_identity.py
[29.225s] -- Symlinking: /external/src/unitree_ros2/cyclonedds_ws/install/unitree_api/local/lib/python3.10/dist-packages/unitree_api/msg/_request_identity_s.c
[29.241s] -- Symlinking: /external/src/unitree_ros2/cyclonedds_ws/install/unitree_api/local/lib/python3.10/dist-packages/unitree_api/msg/_request_lease.py
[29.261s] -- Symlinking: /external/src/unitree_ros2/cyclonedds_ws/install/unitree_api/local/lib/python3.10/dist-packages/unitree_api/msg/_request_lease_s.c
[29.296s] -- Symlinking: /external/src/unitree_ros2/cyclonedds_ws/install/unitree_api/local/lib/python3.10/dist-packages/unitree_api/msg/_request_policy.py
[29.341s] -- Symlinking: /external/src/unitree_ros2/cyclonedds_ws/install/unitree_api/local/lib/python3.10/dist-packages/unitree_api/msg/_request_policy_s.c
[29.362s] -- Symlinking: /external/src/unitree_ros2/cyclonedds_ws/install/unitree_api/local/lib/python3.10/dist-packages/unitree_api/msg/_request_s.c
[29.385s] -- Symlinking: /external/src/unitree_ros2/cyclonedds_ws/install/unitree_api/local/lib/python3.10/dist-packages/unitree_api/msg/_response.py
[29.403s] -- Symlinking: /external/src/unitree_ros2/cyclonedds_ws/install/unitree_api/local/lib/python3.10/dist-packages/unitree_api/msg/_response_header.py
[29.425s] -- Symlinking: /external/src/unitree_ros2/cyclonedds_ws/install/unitree_api/local/lib/python3.10/dist-packages/unitree_api/msg/_response_header_s.c
[29.477s] -- Symlinking: /external/src/unitree_ros2/cyclonedds_ws/install/unitree_api/local/lib/python3.10/dist-packages/unitree_api/msg/_response_s.c
[29.526s] -- Symlinking: /external/src/unitree_ros2/cyclonedds_ws/install/unitree_api/local/lib/python3.10/dist-packages/unitree_api/msg/_response_status.py
[29.577s] -- Symlinking: /external/src/unitree_ros2/cyclonedds_ws/install/unitree_api/local/lib/python3.10/dist-packages/unitree_api/msg/_response_status_s.c
[29.620s] -- Symlinking: /external/src/unitree_ros2/cyclonedds_ws/install/unitree_api/local/lib/python3.10/dist-packages/unitree_api/unitree_api_s__rosidl_typesupport_c.cpython-310-aarch64-linux-gnu.so
[29.665s] -- Symlinking: /external/src/unitree_ros2/cyclonedds_ws/install/unitree_api/local/lib/python3.10/dist-packages/unitree_api/unitree_api_s__rosidl_typesupport_fastrtps_c.cpython-310-aarch64-linux-gnu.so
[29.701s] -- Symlinking: /external/src/unitree_ros2/cyclonedds_ws/install/unitree_api/local/lib/python3.10/dist-packages/unitree_api/unitree_api_s__rosidl_typesupport_introspection_c.cpython-310-aarch64-linux-gnu.so
[29.738s] -- Up-to-date symlink: /external/src/unitree_ros2/cyclonedds_ws/install/unitree_api/local/lib/python3.10/dist-packages/unitree_api/unitree_api_s__rosidl_typesupport_fastrtps_c.cpython-310-aarch64-linux-gnu.so
[29.738s] -- Up-to-date symlink: /external/src/unitree_ros2/cyclonedds_ws/install/unitree_api/local/lib/python3.10/dist-packages/unitree_api/unitree_api_s__rosidl_typesupport_introspection_c.cpython-310-aarch64-linux-gnu.so
[29.739s] -- Up-to-date symlink: /external/src/unitree_ros2/cyclonedds_ws/install/unitree_api/local/lib/python3.10/dist-packages/unitree_api/unitree_api_s__rosidl_typesupport_c.cpython-310-aarch64-linux-gnu.so
[29.739s] -- Symlinking: /external/src/unitree_ros2/cyclonedds_ws/install/unitree_api/share/unitree_api/msg/Request.idl
[29.758s] -- Symlinking: /external/src/unitree_ros2/cyclonedds_ws/install/unitree_api/share/unitree_api/msg/RequestHeader.idl
[29.786s] -- Symlinking: /external/src/unitree_ros2/cyclonedds_ws/install/unitree_api/share/unitree_api/msg/RequestIdentity.idl
[29.829s] -- Symlinking: /external/src/unitree_ros2/cyclonedds_ws/install/unitree_api/share/unitree_api/msg/RequestLease.idl
[29.869s] -- Symlinking: /external/src/unitree_ros2/cyclonedds_ws/install/unitree_api/share/unitree_api/msg/RequestPolicy.idl
[29.897s] -- Symlinking: /external/src/unitree_ros2/cyclonedds_ws/install/unitree_api/share/unitree_api/msg/Response.idl
[29.932s] -- Symlinking: /external/src/unitree_ros2/cyclonedds_ws/install/unitree_api/share/unitree_api/msg/ResponseHeader.idl
[29.969s] -- Symlinking: /external/src/unitree_ros2/cyclonedds_ws/install/unitree_api/share/unitree_api/msg/ResponseStatus.idl
[30.013s] -- Symlinking: /external/src/unitree_ros2/cyclonedds_ws/install/unitree_api/share/unitree_api/msg/Request.msg
[30.049s] -- Symlinking: /external/src/unitree_ros2/cyclonedds_ws/install/unitree_api/share/unitree_api/msg/RequestHeader.msg
[30.085s] -- Symlinking: /external/src/unitree_ros2/cyclonedds_ws/install/unitree_api/share/unitree_api/msg/RequestIdentity.msg
[30.125s] -- Symlinking: /external/src/unitree_ros2/cyclonedds_ws/install/unitree_api/share/unitree_api/msg/RequestLease.msg
[30.165s] -- Symlinking: /external/src/unitree_ros2/cyclonedds_ws/install/unitree_api/share/unitree_api/msg/RequestPolicy.msg
[30.217s] -- Symlinking: /external/src/unitree_ros2/cyclonedds_ws/install/unitree_api/share/unitree_api/msg/Response.msg
[30.257s] -- Symlinking: /external/src/unitree_ros2/cyclonedds_ws/install/unitree_api/share/unitree_api/msg/ResponseHeader.msg
[30.294s] -- Symlinking: /external/src/unitree_ros2/cyclonedds_ws/install/unitree_api/share/unitree_api/msg/ResponseStatus.msg
[30.342s] -- Symlinking: /external/src/unitree_ros2/cyclonedds_ws/install/unitree_api/share/unitree_api/msg/dds_connext/RequestHeader_.idl
[30.381s] -- Symlinking: /external/src/unitree_ros2/cyclonedds_ws/install/unitree_api/share/unitree_api/msg/dds_connext/RequestIdentity_.idl
[30.413s] -- Symlinking: /external/src/unitree_ros2/cyclonedds_ws/install/unitree_api/share/unitree_api/msg/dds_connext/RequestLease_.idl
[30.445s] -- Symlinking: /external/src/unitree_ros2/cyclonedds_ws/install/unitree_api/share/unitree_api/msg/dds_connext/RequestPolicy_.idl
[30.462s] -- Symlinking: /external/src/unitree_ros2/cyclonedds_ws/install/unitree_api/share/unitree_api/msg/dds_connext/Request_.idl
[30.488s] -- Symlinking: /external/src/unitree_ros2/cyclonedds_ws/install/unitree_api/share/unitree_api/msg/dds_connext/ResponseHeader_.idl
[30.521s] -- Symlinking: /external/src/unitree_ros2/cyclonedds_ws/install/unitree_api/share/unitree_api/msg/dds_connext/ResponseStatus_.idl
[30.549s] -- Symlinking: /external/src/unitree_ros2/cyclonedds_ws/install/unitree_api/share/unitree_api/msg/dds_connext/Response_.idl
[30.581s] -- Symlinking: /external/src/unitree_ros2/cyclonedds_ws/install/unitree_api/share/ament_index/resource_index/package_run_dependencies/unitree_api
[30.621s] -- Symlinking: /external/src/unitree_ros2/cyclonedds_ws/install/unitree_api/share/ament_index/resource_index/parent_prefix_path/unitree_api
[30.654s] -- Symlinking: /external/src/unitree_ros2/cyclonedds_ws/install/unitree_api/share/unitree_api/environment/ament_prefix_path.sh
[30.682s] -- Symlinking: /external/src/unitree_ros2/cyclonedds_ws/install/unitree_api/share/unitree_api/environment/ament_prefix_path.dsv
[30.716s] -- Symlinking: /external/src/unitree_ros2/cyclonedds_ws/install/unitree_api/share/unitree_api/environment/path.sh
[30.751s] -- Symlinking: /external/src/unitree_ros2/cyclonedds_ws/install/unitree_api/share/unitree_api/environment/path.dsv
[30.793s] -- Symlinking: /external/src/unitree_ros2/cyclonedds_ws/install/unitree_api/share/unitree_api/local_setup.bash
[30.828s] -- Symlinking: /external/src/unitree_ros2/cyclonedds_ws/install/unitree_api/share/unitree_api/local_setup.sh
[30.861s] -- Symlinking: /external/src/unitree_ros2/cyclonedds_ws/install/unitree_api/share/unitree_api/local_setup.zsh
[30.894s] -- Symlinking: /external/src/unitree_ros2/cyclonedds_ws/install/unitree_api/share/unitree_api/local_setup.dsv
[30.934s] -- Symlinking: /external/src/unitree_ros2/cyclonedds_ws/install/unitree_api/share/unitree_api/package.dsv
[30.982s] -- Symlinking: /external/src/unitree_ros2/cyclonedds_ws/install/unitree_api/share/ament_index/resource_index/packages/unitree_api
[31.030s] -- Symlinking: /external/src/unitree_ros2/cyclonedds_ws/install/unitree_api/share/unitree_api/cmake/rosidl_cmake-extras.cmake
[31.059s] -- Symlinking: /external/src/unitree_ros2/cyclonedds_ws/install/unitree_api/share/unitree_api/cmake/ament_cmake_export_dependencies-extras.cmake
[31.102s] -- Symlinking: /external/src/unitree_ros2/cyclonedds_ws/install/unitree_api/share/unitree_api/cmake/ament_cmake_export_include_directories-extras.cmake
[31.134s] -- Symlinking: /external/src/unitree_ros2/cyclonedds_ws/install/unitree_api/share/unitree_api/cmake/ament_cmake_export_libraries-extras.cmake
[31.167s] -- Symlinking: /external/src/unitree_ros2/cyclonedds_ws/install/unitree_api/share/unitree_api/cmake/ament_cmake_export_targets-extras.cmake
[31.202s] -- Symlinking: /external/src/unitree_ros2/cyclonedds_ws/install/unitree_api/share/unitree_api/cmake/rosidl_cmake_export_typesupport_targets-extras.cmake
[31.238s] -- Symlinking: /external/src/unitree_ros2/cyclonedds_ws/install/unitree_api/share/unitree_api/cmake/rosidl_cmake_export_typesupport_libraries-extras.cmake
[31.276s] -- Symlinking: /external/src/unitree_ros2/cyclonedds_ws/install/unitree_api/share/unitree_api/cmake/unitree_apiConfig.cmake
[31.292s] -- Symlinking: /external/src/unitree_ros2/cyclonedds_ws/install/unitree_api/share/unitree_api/cmake/unitree_apiConfig-version.cmake
[31.325s] -- Symlinking: /external/src/unitree_ros2/cyclonedds_ws/install/unitree_api/share/unitree_api/package.xml
[31.343s] -- Installing: /external/src/unitree_ros2/cyclonedds_ws/install/unitree_api/lib/libunitree_api__rosidl_generator_c.so
[31.345s] -- Set runtime path of "/external/src/unitree_ros2/cyclonedds_ws/install/unitree_api/lib/libunitree_api__rosidl_generator_c.so" to ""
[31.346s] -- Installing: /external/src/unitree_ros2/cyclonedds_ws/install/unitree_api/lib/libunitree_api__rosidl_typesupport_fastrtps_c.so
[31.347s] -- Set runtime path of "/external/src/unitree_ros2/cyclonedds_ws/install/unitree_api/lib/libunitree_api__rosidl_typesupport_fastrtps_c.so" to ""
[31.347s] -- Installing: /external/src/unitree_ros2/cyclonedds_ws/install/unitree_api/lib/libunitree_api__rosidl_typesupport_fastrtps_cpp.so
[31.348s] -- Set runtime path of "/external/src/unitree_ros2/cyclonedds_ws/install/unitree_api/lib/libunitree_api__rosidl_typesupport_fastrtps_cpp.so" to ""
[31.349s] -- Installing: /external/src/unitree_ros2/cyclonedds_ws/install/unitree_api/lib/libunitree_api__rosidl_typesupport_introspection_c.so
[31.350s] -- Set runtime path of "/external/src/unitree_ros2/cyclonedds_ws/install/unitree_api/lib/libunitree_api__rosidl_typesupport_introspection_c.so" to ""
[31.350s] -- Installing: /external/src/unitree_ros2/cyclonedds_ws/install/unitree_api/lib/libunitree_api__rosidl_typesupport_c.so
[31.351s] -- Set runtime path of "/external/src/unitree_ros2/cyclonedds_ws/install/unitree_api/lib/libunitree_api__rosidl_typesupport_c.so" to ""
[31.352s] -- Installing: /external/src/unitree_ros2/cyclonedds_ws/install/unitree_api/lib/libunitree_api__rosidl_typesupport_introspection_cpp.so
[31.353s] -- Set runtime path of "/external/src/unitree_ros2/cyclonedds_ws/install/unitree_api/lib/libunitree_api__rosidl_typesupport_introspection_cpp.so" to ""
[31.353s] -- Installing: /external/src/unitree_ros2/cyclonedds_ws/install/unitree_api/lib/libunitree_api__rosidl_typesupport_cpp.so
[31.354s] -- Set runtime path of "/external/src/unitree_ros2/cyclonedds_ws/install/unitree_api/lib/libunitree_api__rosidl_typesupport_cpp.so" to ""
[31.432s] Listing '/external/src/unitree_ros2/cyclonedds_ws/install/unitree_api/local/lib/python3.10/dist-packages/unitree_api'...
[31.433s] Compiling '/external/src/unitree_ros2/cyclonedds_ws/install/unitree_api/local/lib/python3.10/dist-packages/unitree_api/__init__.py'...
[31.433s] Listing '/external/src/unitree_ros2/cyclonedds_ws/install/unitree_api/local/lib/python3.10/dist-packages/unitree_api/msg'...
[31.433s] Compiling '/external/src/unitree_ros2/cyclonedds_ws/install/unitree_api/local/lib/python3.10/dist-packages/unitree_api/msg/__init__.py'...
[31.433s] Compiling '/external/src/unitree_ros2/cyclonedds_ws/install/unitree_api/local/lib/python3.10/dist-packages/unitree_api/msg/_request.py'...
[31.433s] Compiling '/external/src/unitree_ros2/cyclonedds_ws/install/unitree_api/local/lib/python3.10/dist-packages/unitree_api/msg/_request_header.py'...
[31.434s] Compiling '/external/src/unitree_ros2/cyclonedds_ws/install/unitree_api/local/lib/python3.10/dist-packages/unitree_api/msg/_request_identity.py'...
[31.434s] Compiling '/external/src/unitree_ros2/cyclonedds_ws/install/unitree_api/local/lib/python3.10/dist-packages/unitree_api/msg/_request_lease.py'...
[31.434s] Compiling '/external/src/unitree_ros2/cyclonedds_ws/install/unitree_api/local/lib/python3.10/dist-packages/unitree_api/msg/_request_policy.py'...
[31.434s] Compiling '/external/src/unitree_ros2/cyclonedds_ws/install/unitree_api/local/lib/python3.10/dist-packages/unitree_api/msg/_response.py'...
[31.434s] Compiling '/external/src/unitree_ros2/cyclonedds_ws/install/unitree_api/local/lib/python3.10/dist-packages/unitree_api/msg/_response_header.py'...
[31.434s] Compiling '/external/src/unitree_ros2/cyclonedds_ws/install/unitree_api/local/lib/python3.10/dist-packages/unitree_api/msg/_response_status.py'...
[31.450s] -- Installing: /external/src/unitree_ros2/cyclonedds_ws/install/unitree_api/lib/libunitree_api__rosidl_generator_py.so
[31.452s] -- Set runtime path of "/external/src/unitree_ros2/cyclonedds_ws/install/unitree_api/lib/libunitree_api__rosidl_generator_py.so" to ""
[31.452s] -- Installing: /external/src/unitree_ros2/cyclonedds_ws/install/unitree_api/share/unitree_api/cmake/export_unitree_api__rosidl_generator_cExport.cmake
[31.453s] -- Installing: /external/src/unitree_ros2/cyclonedds_ws/install/unitree_api/share/unitree_api/cmake/export_unitree_api__rosidl_generator_cExport-noconfig.cmake
[31.454s] -- Installing: /external/src/unitree_ros2/cyclonedds_ws/install/unitree_api/share/unitree_api/cmake/export_unitree_api__rosidl_typesupport_fastrtps_cExport.cmake
[31.455s] -- Installing: /external/src/unitree_ros2/cyclonedds_ws/install/unitree_api/share/unitree_api/cmake/export_unitree_api__rosidl_typesupport_fastrtps_cExport-noconfig.cmake
[31.455s] -- Installing: /external/src/unitree_ros2/cyclonedds_ws/install/unitree_api/share/unitree_api/cmake/export_unitree_api__rosidl_generator_cppExport.cmake
[31.456s] -- Installing: /external/src/unitree_ros2/cyclonedds_ws/install/unitree_api/share/unitree_api/cmake/export_unitree_api__rosidl_typesupport_fastrtps_cppExport.cmake
[31.457s] -- Installing: /external/src/unitree_ros2/cyclonedds_ws/install/unitree_api/share/unitree_api/cmake/export_unitree_api__rosidl_typesupport_fastrtps_cppExport-noconfig.cmake
[31.458s] -- Installing: /external/src/unitree_ros2/cyclonedds_ws/install/unitree_api/share/unitree_api/cmake/unitree_api__rosidl_typesupport_introspection_cExport.cmake
[31.458s] -- Installing: /external/src/unitree_ros2/cyclonedds_ws/install/unitree_api/share/unitree_api/cmake/unitree_api__rosidl_typesupport_introspection_cExport-noconfig.cmake
[31.459s] -- Installing: /external/src/unitree_ros2/cyclonedds_ws/install/unitree_api/share/unitree_api/cmake/unitree_api__rosidl_typesupport_cExport.cmake
[31.460s] -- Installing: /external/src/unitree_ros2/cyclonedds_ws/install/unitree_api/share/unitree_api/cmake/unitree_api__rosidl_typesupport_cExport-noconfig.cmake
[31.461s] -- Installing: /external/src/unitree_ros2/cyclonedds_ws/install/unitree_api/share/unitree_api/cmake/unitree_api__rosidl_typesupport_introspection_cppExport.cmake
[31.462s] -- Installing: /external/src/unitree_ros2/cyclonedds_ws/install/unitree_api/share/unitree_api/cmake/unitree_api__rosidl_typesupport_introspection_cppExport-noconfig.cmake
[31.462s] -- Installing: /external/src/unitree_ros2/cyclonedds_ws/install/unitree_api/share/unitree_api/cmake/unitree_api__rosidl_typesupport_cppExport.cmake
[31.463s] -- Installing: /external/src/unitree_ros2/cyclonedds_ws/install/unitree_api/share/unitree_api/cmake/unitree_api__rosidl_typesupport_cppExport-noconfig.cmake
[31.464s] -- Installing: /external/src/unitree_ros2/cyclonedds_ws/install/unitree_api/share/unitree_api/cmake/export_unitree_api__rosidl_generator_pyExport.cmake
[31.464s] -- Installing: /external/src/unitree_ros2/cyclonedds_ws/install/unitree_api/share/unitree_api/cmake/export_unitree_api__rosidl_generator_pyExport-noconfig.cmake
[31.480s] Invoked command in '/external/src/unitree_ros2/cyclonedds_ws/build/unitree_api' returned '0': CMAKE_PREFIX_PATH=/opt/ros/humble /usr/bin/cmake --install /external/src/unitree_ros2/cyclonedds_ws/build/unitree_api
