[0.197s] DEBUG:colcon:Command line arguments: ['/usr/bin/colcon', 'build', '--symlink-install']
[0.197s] DEBUG:colcon:Parsed command line arguments: Namespace(log_base=None, log_level=None, verb_name='build', build_base='build', install_base='install', merge_install=False, symlink_install=True, test_result_base=None, continue_on_error=False, executor='parallel', parallel_workers=4, event_handlers=None, ignore_user_meta=False, metas=['./colcon.meta'], base_paths=['.'], packages_ignore=None, packages_ignore_regex=None, paths=None, packages_up_to=None, packages_up_to_regex=None, packages_above=None, packages_above_and_dependencies=None, packages_above_depth=None, packages_select_by_dep=None, packages_skip_by_dep=None, packages_skip_up_to=None, packages_select_build_failed=False, packages_skip_build_finished=False, packages_select_test_failures=False, packages_skip_test_passed=False, packages_select=None, packages_skip=None, packages_select_regex=None, packages_skip_regex=None, packages_start=None, packages_end=None, allow_overriding=[], cmake_args=None, cmake_target=None, cmake_target_skip_unavailable=False, cmake_clean_cache=False, cmake_clean_first=False, cmake_force_configure=False, ament_cmake_args=None, catkin_cmake_args=None, catkin_skip_building_tests=False, verb_parser=<colcon_defaults.argument_parser.defaults.DefaultArgumentsDecorator object at 0xffff90eb80a0>, verb_extension=<colcon_core.verb.build.BuildVerb object at 0xffff91008c70>, main=<bound method BuildVerb.main of <colcon_core.verb.build.BuildVerb object at 0xffff91008c70>>)
[0.495s] Level 1:colcon.colcon_core.package_discovery:discover_packages(colcon_meta) check parameters
[0.496s] Level 1:colcon.colcon_core.package_discovery:discover_packages(recursive) check parameters
[0.496s] Level 1:colcon.colcon_core.package_discovery:discover_packages(ignore) check parameters
[0.496s] Level 1:colcon.colcon_core.package_discovery:discover_packages(path) check parameters
[0.496s] Level 1:colcon.colcon_core.package_discovery:discover_packages(colcon_meta) discover
[0.496s] Level 1:colcon.colcon_core.package_discovery:discover_packages(recursive) discover
[0.496s] INFO:colcon.colcon_core.package_discovery:Crawling recursively for packages in '/external/src/unitree_ros2/cyclonedds_ws'
[0.496s] Level 1:colcon.colcon_core.package_identification:_identify(.) by extensions ['ignore', 'ignore_ament_install']
[0.497s] Level 1:colcon.colcon_core.package_identification:_identify(.) by extension 'ignore'
[0.497s] Level 1:colcon.colcon_core.package_identification:_identify(.) by extension 'ignore_ament_install'
[0.497s] Level 1:colcon.colcon_core.package_identification:_identify(.) by extensions ['colcon_pkg']
[0.497s] Level 1:colcon.colcon_core.package_identification:_identify(.) by extension 'colcon_pkg'
[0.497s] Level 1:colcon.colcon_core.package_identification:_identify(.) by extensions ['colcon_meta']
[0.497s] Level 1:colcon.colcon_core.package_identification:_identify(.) by extension 'colcon_meta'
[0.497s] Level 1:colcon.colcon_core.package_identification:_identify(.) by extensions ['ros']
[0.497s] Level 1:colcon.colcon_core.package_identification:_identify(.) by extension 'ros'
[0.517s] Level 1:colcon.colcon_core.package_identification:_identify(.) by extensions ['cmake', 'python']
[0.518s] Level 1:colcon.colcon_core.package_identification:_identify(.) by extension 'cmake'
[0.518s] Level 1:colcon.colcon_core.package_identification:_identify(.) by extension 'python'
[0.518s] Level 1:colcon.colcon_core.package_identification:_identify(.) by extensions ['python_setup_py']
[0.518s] Level 1:colcon.colcon_core.package_identification:_identify(.) by extension 'python_setup_py'
[0.518s] Level 1:colcon.colcon_core.package_identification:_identify(build) by extensions ['ignore', 'ignore_ament_install']
[0.518s] Level 1:colcon.colcon_core.package_identification:_identify(build) by extension 'ignore'
[0.518s] Level 1:colcon.colcon_core.package_identification:_identify(build) ignored
[0.519s] Level 1:colcon.colcon_core.package_identification:_identify(install) by extensions ['ignore', 'ignore_ament_install']
[0.519s] Level 1:colcon.colcon_core.package_identification:_identify(install) by extension 'ignore'
[0.519s] Level 1:colcon.colcon_core.package_identification:_identify(install) ignored
[0.519s] Level 1:colcon.colcon_core.package_identification:_identify(log) by extensions ['ignore', 'ignore_ament_install']
[0.519s] Level 1:colcon.colcon_core.package_identification:_identify(log) by extension 'ignore'
[0.519s] Level 1:colcon.colcon_core.package_identification:_identify(log) ignored
[0.520s] Level 1:colcon.colcon_core.package_identification:_identify(src) by extensions ['ignore', 'ignore_ament_install']
[0.520s] Level 1:colcon.colcon_core.package_identification:_identify(src) by extension 'ignore'
[0.520s] Level 1:colcon.colcon_core.package_identification:_identify(src) by extension 'ignore_ament_install'
[0.520s] Level 1:colcon.colcon_core.package_identification:_identify(src) by extensions ['colcon_pkg']
[0.520s] Level 1:colcon.colcon_core.package_identification:_identify(src) by extension 'colcon_pkg'
[0.520s] Level 1:colcon.colcon_core.package_identification:_identify(src) by extensions ['colcon_meta']
[0.520s] Level 1:colcon.colcon_core.package_identification:_identify(src) by extension 'colcon_meta'
[0.520s] Level 1:colcon.colcon_core.package_identification:_identify(src) by extensions ['ros']
[0.520s] Level 1:colcon.colcon_core.package_identification:_identify(src) by extension 'ros'
[0.520s] Level 1:colcon.colcon_core.package_identification:_identify(src) by extensions ['cmake', 'python']
[0.521s] Level 1:colcon.colcon_core.package_identification:_identify(src) by extension 'cmake'
[0.521s] Level 1:colcon.colcon_core.package_identification:_identify(src) by extension 'python'
[0.521s] Level 1:colcon.colcon_core.package_identification:_identify(src) by extensions ['python_setup_py']
[0.521s] Level 1:colcon.colcon_core.package_identification:_identify(src) by extension 'python_setup_py'
[0.521s] Level 1:colcon.colcon_core.package_identification:_identify(src/unitree) by extensions ['ignore', 'ignore_ament_install']
[0.521s] Level 1:colcon.colcon_core.package_identification:_identify(src/unitree) by extension 'ignore'
[0.521s] Level 1:colcon.colcon_core.package_identification:_identify(src/unitree) by extension 'ignore_ament_install'
[0.521s] Level 1:colcon.colcon_core.package_identification:_identify(src/unitree) by extensions ['colcon_pkg']
[0.521s] Level 1:colcon.colcon_core.package_identification:_identify(src/unitree) by extension 'colcon_pkg'
[0.521s] Level 1:colcon.colcon_core.package_identification:_identify(src/unitree) by extensions ['colcon_meta']
[0.521s] Level 1:colcon.colcon_core.package_identification:_identify(src/unitree) by extension 'colcon_meta'
[0.522s] Level 1:colcon.colcon_core.package_identification:_identify(src/unitree) by extensions ['ros']
[0.522s] Level 1:colcon.colcon_core.package_identification:_identify(src/unitree) by extension 'ros'
[0.522s] Level 1:colcon.colcon_core.package_identification:_identify(src/unitree) by extensions ['cmake', 'python']
[0.522s] Level 1:colcon.colcon_core.package_identification:_identify(src/unitree) by extension 'cmake'
[0.522s] Level 1:colcon.colcon_core.package_identification:_identify(src/unitree) by extension 'python'
[0.522s] Level 1:colcon.colcon_core.package_identification:_identify(src/unitree) by extensions ['python_setup_py']
[0.522s] Level 1:colcon.colcon_core.package_identification:_identify(src/unitree) by extension 'python_setup_py'
[0.522s] Level 1:colcon.colcon_core.package_identification:_identify(src/unitree/unitree_api) by extensions ['ignore', 'ignore_ament_install']
[0.522s] Level 1:colcon.colcon_core.package_identification:_identify(src/unitree/unitree_api) by extension 'ignore'
[0.522s] Level 1:colcon.colcon_core.package_identification:_identify(src/unitree/unitree_api) by extension 'ignore_ament_install'
[0.523s] Level 1:colcon.colcon_core.package_identification:_identify(src/unitree/unitree_api) by extensions ['colcon_pkg']
[0.523s] Level 1:colcon.colcon_core.package_identification:_identify(src/unitree/unitree_api) by extension 'colcon_pkg'
[0.523s] Level 1:colcon.colcon_core.package_identification:_identify(src/unitree/unitree_api) by extensions ['colcon_meta']
[0.523s] Level 1:colcon.colcon_core.package_identification:_identify(src/unitree/unitree_api) by extension 'colcon_meta'
[0.523s] Level 1:colcon.colcon_core.package_identification:_identify(src/unitree/unitree_api) by extensions ['ros']
[0.523s] Level 1:colcon.colcon_core.package_identification:_identify(src/unitree/unitree_api) by extension 'ros'
[0.530s] DEBUG:colcon.colcon_core.package_identification:Package 'src/unitree/unitree_api' with type 'ros.ament_cmake' and name 'unitree_api'
[0.530s] Level 1:colcon.colcon_core.package_identification:_identify(src/unitree/unitree_go) by extensions ['ignore', 'ignore_ament_install']
[0.530s] Level 1:colcon.colcon_core.package_identification:_identify(src/unitree/unitree_go) by extension 'ignore'
[0.530s] Level 1:colcon.colcon_core.package_identification:_identify(src/unitree/unitree_go) by extension 'ignore_ament_install'
[0.530s] Level 1:colcon.colcon_core.package_identification:_identify(src/unitree/unitree_go) by extensions ['colcon_pkg']
[0.531s] Level 1:colcon.colcon_core.package_identification:_identify(src/unitree/unitree_go) by extension 'colcon_pkg'
[0.531s] Level 1:colcon.colcon_core.package_identification:_identify(src/unitree/unitree_go) by extensions ['colcon_meta']
[0.531s] Level 1:colcon.colcon_core.package_identification:_identify(src/unitree/unitree_go) by extension 'colcon_meta'
[0.531s] Level 1:colcon.colcon_core.package_identification:_identify(src/unitree/unitree_go) by extensions ['ros']
[0.531s] Level 1:colcon.colcon_core.package_identification:_identify(src/unitree/unitree_go) by extension 'ros'
[0.532s] DEBUG:colcon.colcon_core.package_identification:Package 'src/unitree/unitree_go' with type 'ros.ament_cmake' and name 'unitree_go'
[0.532s] Level 1:colcon.colcon_core.package_discovery:discover_packages(recursive) using defaults
[0.532s] Level 1:colcon.colcon_core.package_discovery:discover_packages(ignore) discover
[0.532s] Level 1:colcon.colcon_core.package_discovery:discover_packages(ignore) using defaults
[0.532s] Level 1:colcon.colcon_core.package_discovery:discover_packages(path) discover
[0.532s] Level 1:colcon.colcon_core.package_discovery:discover_packages(path) using defaults
[0.568s] Level 1:colcon.colcon_core.package_discovery:discover_packages(prefix_path) check parameters
[0.568s] Level 1:colcon.colcon_core.package_discovery:discover_packages(prefix_path) discover
[0.574s] DEBUG:colcon.colcon_installed_package_information.package_discovery:Found 396 installed packages in /opt/ros/humble
[0.577s] Level 1:colcon.colcon_core.package_discovery:discover_packages(prefix_path) using defaults
[0.701s] Level 5:colcon.colcon_core.verb:set package 'unitree_api' build argument 'cmake_args' from command line to 'None'
[0.701s] Level 5:colcon.colcon_core.verb:set package 'unitree_api' build argument 'cmake_target' from command line to 'None'
[0.702s] Level 5:colcon.colcon_core.verb:set package 'unitree_api' build argument 'cmake_target_skip_unavailable' from command line to 'False'
[0.702s] Level 5:colcon.colcon_core.verb:set package 'unitree_api' build argument 'cmake_clean_cache' from command line to 'False'
[0.702s] Level 5:colcon.colcon_core.verb:set package 'unitree_api' build argument 'cmake_clean_first' from command line to 'False'
[0.702s] Level 5:colcon.colcon_core.verb:set package 'unitree_api' build argument 'cmake_force_configure' from command line to 'False'
[0.702s] Level 5:colcon.colcon_core.verb:set package 'unitree_api' build argument 'ament_cmake_args' from command line to 'None'
[0.702s] Level 5:colcon.colcon_core.verb:set package 'unitree_api' build argument 'catkin_cmake_args' from command line to 'None'
[0.702s] Level 5:colcon.colcon_core.verb:set package 'unitree_api' build argument 'catkin_skip_building_tests' from command line to 'False'
[0.702s] DEBUG:colcon.colcon_core.verb:Building package 'unitree_api' with the following arguments: {'ament_cmake_args': None, 'build_base': '/external/src/unitree_ros2/cyclonedds_ws/build/unitree_api', 'catkin_cmake_args': None, 'catkin_skip_building_tests': False, 'cmake_args': None, 'cmake_clean_cache': False, 'cmake_clean_first': False, 'cmake_force_configure': False, 'cmake_target': None, 'cmake_target_skip_unavailable': False, 'install_base': '/external/src/unitree_ros2/cyclonedds_ws/install/unitree_api', 'merge_install': False, 'path': '/external/src/unitree_ros2/cyclonedds_ws/src/unitree/unitree_api', 'symlink_install': True, 'test_result_base': None}
[0.703s] Level 5:colcon.colcon_core.verb:set package 'unitree_go' build argument 'cmake_args' from command line to 'None'
[0.703s] Level 5:colcon.colcon_core.verb:set package 'unitree_go' build argument 'cmake_target' from command line to 'None'
[0.703s] Level 5:colcon.colcon_core.verb:set package 'unitree_go' build argument 'cmake_target_skip_unavailable' from command line to 'False'
[0.703s] Level 5:colcon.colcon_core.verb:set package 'unitree_go' build argument 'cmake_clean_cache' from command line to 'False'
[0.703s] Level 5:colcon.colcon_core.verb:set package 'unitree_go' build argument 'cmake_clean_first' from command line to 'False'
[0.703s] Level 5:colcon.colcon_core.verb:set package 'unitree_go' build argument 'cmake_force_configure' from command line to 'False'
[0.703s] Level 5:colcon.colcon_core.verb:set package 'unitree_go' build argument 'ament_cmake_args' from command line to 'None'
[0.703s] Level 5:colcon.colcon_core.verb:set package 'unitree_go' build argument 'catkin_cmake_args' from command line to 'None'
[0.703s] Level 5:colcon.colcon_core.verb:set package 'unitree_go' build argument 'catkin_skip_building_tests' from command line to 'False'
[0.703s] DEBUG:colcon.colcon_core.verb:Building package 'unitree_go' with the following arguments: {'ament_cmake_args': None, 'build_base': '/external/src/unitree_ros2/cyclonedds_ws/build/unitree_go', 'catkin_cmake_args': None, 'catkin_skip_building_tests': False, 'cmake_args': None, 'cmake_clean_cache': False, 'cmake_clean_first': False, 'cmake_force_configure': False, 'cmake_target': None, 'cmake_target_skip_unavailable': False, 'install_base': '/external/src/unitree_ros2/cyclonedds_ws/install/unitree_go', 'merge_install': False, 'path': '/external/src/unitree_ros2/cyclonedds_ws/src/unitree/unitree_go', 'symlink_install': True, 'test_result_base': None}
[0.703s] INFO:colcon.colcon_core.executor:Executing jobs using 'parallel' executor
[0.706s] DEBUG:colcon.colcon_parallel_executor.executor.parallel:run_until_complete
[0.706s] INFO:colcon.colcon_ros.task.ament_cmake.build:Building ROS package in '/external/src/unitree_ros2/cyclonedds_ws/src/unitree/unitree_api' with build type 'ament_cmake'
[0.707s] INFO:colcon.colcon_cmake.task.cmake.build:Building CMake package in '/external/src/unitree_ros2/cyclonedds_ws/src/unitree/unitree_api'
[0.711s] INFO:colcon.colcon_core.plugin_system:Skipping extension 'colcon_core.shell.bat': Not used on non-Windows systems
[0.711s] INFO:colcon.colcon_core.shell:Skip shell extension 'powershell' for command environment: Not usable outside of PowerShell
[0.711s] DEBUG:colcon.colcon_core.shell:Skip shell extension 'dsv' for command environment
[0.717s] INFO:colcon.colcon_ros.task.ament_cmake.build:Building ROS package in '/external/src/unitree_ros2/cyclonedds_ws/src/unitree/unitree_go' with build type 'ament_cmake'
[0.718s] INFO:colcon.colcon_cmake.task.cmake.build:Building CMake package in '/external/src/unitree_ros2/cyclonedds_ws/src/unitree/unitree_go'
[0.718s] INFO:colcon.colcon_core.shell:Skip shell extension 'powershell' for command environment: Not usable outside of PowerShell
[0.718s] DEBUG:colcon.colcon_core.shell:Skip shell extension 'dsv' for command environment
[0.730s] DEBUG:colcon.colcon_core.event_handler.log_command:Invoking command in '/external/src/unitree_ros2/cyclonedds_ws/build/unitree_api': CMAKE_PREFIX_PATH=/opt/ros/humble /usr/bin/cmake --build /external/src/unitree_ros2/cyclonedds_ws/build/unitree_api -- -j4 -l4
[0.737s] DEBUG:colcon.colcon_core.event_handler.log_command:Invoking command in '/external/src/unitree_ros2/cyclonedds_ws/build/unitree_go': CMAKE_PREFIX_PATH=/opt/ros/humble /usr/bin/cmake --build /external/src/unitree_ros2/cyclonedds_ws/build/unitree_go -- -j4 -l4
[24.352s] DEBUG:colcon.colcon_core.event_handler.log_command:Invoked command in '/external/src/unitree_ros2/cyclonedds_ws/build/unitree_api' returned '0': CMAKE_PREFIX_PATH=/opt/ros/humble /usr/bin/cmake --build /external/src/unitree_ros2/cyclonedds_ws/build/unitree_api -- -j4 -l4
[26.271s] DEBUG:colcon.colcon_core.event_handler.log_command:Invoking command in '/external/src/unitree_ros2/cyclonedds_ws/build/unitree_api': CMAKE_PREFIX_PATH=/opt/ros/humble /usr/bin/cmake --install /external/src/unitree_ros2/cyclonedds_ws/build/unitree_api
[32.177s] Level 1:colcon.colcon_core.environment:create_environment_scripts_only(unitree_api)
[32.182s] Level 1:colcon.colcon_core.environment:checking '/external/src/unitree_ros2/cyclonedds_ws/install/unitree_api' for CMake module files
[32.184s] Level 1:colcon.colcon_core.environment:checking '/external/src/unitree_ros2/cyclonedds_ws/install/unitree_api' for CMake config files
[32.186s] Level 1:colcon.colcon_core.shell:create_environment_hook('unitree_api', 'cmake_prefix_path')
[32.187s] INFO:colcon.colcon_core.shell:Creating environment hook '/external/src/unitree_ros2/cyclonedds_ws/install/unitree_api/share/unitree_api/hook/cmake_prefix_path.ps1'
[32.187s] DEBUG:colcon.colcon_core.event_handler.log_command:Invoked command in '/external/src/unitree_ros2/cyclonedds_ws/build/unitree_api' returned '0': CMAKE_PREFIX_PATH=/opt/ros/humble /usr/bin/cmake --install /external/src/unitree_ros2/cyclonedds_ws/build/unitree_api
[32.189s] INFO:colcon.colcon_core.shell:Creating environment descriptor '/external/src/unitree_ros2/cyclonedds_ws/install/unitree_api/share/unitree_api/hook/cmake_prefix_path.dsv'
[32.190s] INFO:colcon.colcon_core.shell:Creating environment hook '/external/src/unitree_ros2/cyclonedds_ws/install/unitree_api/share/unitree_api/hook/cmake_prefix_path.sh'
[32.192s] Level 1:colcon.colcon_core.environment:checking '/external/src/unitree_ros2/cyclonedds_ws/install/unitree_api/lib'
[32.193s] Level 1:colcon.colcon_core.shell:create_environment_hook('unitree_api', 'ld_library_path_lib')
[32.193s] INFO:colcon.colcon_core.shell:Creating environment hook '/external/src/unitree_ros2/cyclonedds_ws/install/unitree_api/share/unitree_api/hook/ld_library_path_lib.ps1'
[32.194s] INFO:colcon.colcon_core.shell:Creating environment descriptor '/external/src/unitree_ros2/cyclonedds_ws/install/unitree_api/share/unitree_api/hook/ld_library_path_lib.dsv'
[32.194s] INFO:colcon.colcon_core.shell:Creating environment hook '/external/src/unitree_ros2/cyclonedds_ws/install/unitree_api/share/unitree_api/hook/ld_library_path_lib.sh'
[32.195s] Level 1:colcon.colcon_core.environment:checking '/external/src/unitree_ros2/cyclonedds_ws/install/unitree_api/bin'
[32.195s] Level 1:colcon.colcon_core.environment:checking '/external/src/unitree_ros2/cyclonedds_ws/install/unitree_api/lib/pkgconfig/unitree_api.pc'
[32.196s] Level 1:colcon.colcon_core.environment:checking '/external/src/unitree_ros2/cyclonedds_ws/install/unitree_api/lib/python3.10/site-packages'
[32.196s] Level 1:colcon.colcon_core.environment:checking '/external/src/unitree_ros2/cyclonedds_ws/install/unitree_api/bin'
[32.197s] INFO:colcon.colcon_core.shell:Creating package script '/external/src/unitree_ros2/cyclonedds_ws/install/unitree_api/share/unitree_api/package.ps1'
[32.202s] INFO:colcon.colcon_core.shell:Creating package descriptor '/external/src/unitree_ros2/cyclonedds_ws/install/unitree_api/share/unitree_api/package.dsv'
[32.203s] INFO:colcon.colcon_core.shell:Creating package script '/external/src/unitree_ros2/cyclonedds_ws/install/unitree_api/share/unitree_api/package.sh'
[32.205s] INFO:colcon.colcon_core.shell:Creating package script '/external/src/unitree_ros2/cyclonedds_ws/install/unitree_api/share/unitree_api/package.bash'
[32.206s] INFO:colcon.colcon_core.shell:Creating package script '/external/src/unitree_ros2/cyclonedds_ws/install/unitree_api/share/unitree_api/package.zsh'
[32.215s] Level 1:colcon.colcon_core.environment:create_file_with_runtime_dependencies(/external/src/unitree_ros2/cyclonedds_ws/install/unitree_api/share/colcon-core/packages/unitree_api)
[33.790s] Level 1:colcon.colcon_core.environment:create_environment_scripts_only(unitree_api)
[33.791s] Level 1:colcon.colcon_core.environment:checking '/external/src/unitree_ros2/cyclonedds_ws/install/unitree_api' for CMake module files
[33.792s] Level 1:colcon.colcon_core.environment:checking '/external/src/unitree_ros2/cyclonedds_ws/install/unitree_api' for CMake config files
[33.794s] Level 1:colcon.colcon_core.shell:create_environment_hook('unitree_api', 'cmake_prefix_path')
[33.795s] INFO:colcon.colcon_core.shell:Creating environment hook '/external/src/unitree_ros2/cyclonedds_ws/install/unitree_api/share/unitree_api/hook/cmake_prefix_path.ps1'
[33.797s] INFO:colcon.colcon_core.shell:Creating environment descriptor '/external/src/unitree_ros2/cyclonedds_ws/install/unitree_api/share/unitree_api/hook/cmake_prefix_path.dsv'
[33.798s] INFO:colcon.colcon_core.shell:Creating environment hook '/external/src/unitree_ros2/cyclonedds_ws/install/unitree_api/share/unitree_api/hook/cmake_prefix_path.sh'
[33.799s] Level 1:colcon.colcon_core.environment:checking '/external/src/unitree_ros2/cyclonedds_ws/install/unitree_api/lib'
[33.799s] Level 1:colcon.colcon_core.shell:create_environment_hook('unitree_api', 'ld_library_path_lib')
[33.800s] INFO:colcon.colcon_core.shell:Creating environment hook '/external/src/unitree_ros2/cyclonedds_ws/install/unitree_api/share/unitree_api/hook/ld_library_path_lib.ps1'
[33.801s] INFO:colcon.colcon_core.shell:Creating environment descriptor '/external/src/unitree_ros2/cyclonedds_ws/install/unitree_api/share/unitree_api/hook/ld_library_path_lib.dsv'
[33.801s] INFO:colcon.colcon_core.shell:Creating environment hook '/external/src/unitree_ros2/cyclonedds_ws/install/unitree_api/share/unitree_api/hook/ld_library_path_lib.sh'
[33.802s] Level 1:colcon.colcon_core.environment:checking '/external/src/unitree_ros2/cyclonedds_ws/install/unitree_api/bin'
[33.802s] Level 1:colcon.colcon_core.environment:checking '/external/src/unitree_ros2/cyclonedds_ws/install/unitree_api/lib/pkgconfig/unitree_api.pc'
[33.803s] Level 1:colcon.colcon_core.environment:checking '/external/src/unitree_ros2/cyclonedds_ws/install/unitree_api/lib/python3.10/site-packages'
[33.812s] Level 1:colcon.colcon_core.environment:checking '/external/src/unitree_ros2/cyclonedds_ws/install/unitree_api/bin'
[33.813s] INFO:colcon.colcon_core.shell:Creating package script '/external/src/unitree_ros2/cyclonedds_ws/install/unitree_api/share/unitree_api/package.ps1'
[33.815s] INFO:colcon.colcon_core.shell:Creating package descriptor '/external/src/unitree_ros2/cyclonedds_ws/install/unitree_api/share/unitree_api/package.dsv'
[33.816s] INFO:colcon.colcon_core.shell:Creating package script '/external/src/unitree_ros2/cyclonedds_ws/install/unitree_api/share/unitree_api/package.sh'
[33.817s] INFO:colcon.colcon_core.shell:Creating package script '/external/src/unitree_ros2/cyclonedds_ws/install/unitree_api/share/unitree_api/package.bash'
[33.818s] INFO:colcon.colcon_core.shell:Creating package script '/external/src/unitree_ros2/cyclonedds_ws/install/unitree_api/share/unitree_api/package.zsh'
[33.819s] Level 1:colcon.colcon_core.environment:create_file_with_runtime_dependencies(/external/src/unitree_ros2/cyclonedds_ws/install/unitree_api/share/colcon-core/packages/unitree_api)
[49.174s] DEBUG:colcon.colcon_core.event_handler.log_command:Invoked command in '/external/src/unitree_ros2/cyclonedds_ws/build/unitree_go' returned '0': CMAKE_PREFIX_PATH=/opt/ros/humble /usr/bin/cmake --build /external/src/unitree_ros2/cyclonedds_ws/build/unitree_go -- -j4 -l4
[49.768s] DEBUG:colcon.colcon_core.event_handler.log_command:Invoking command in '/external/src/unitree_ros2/cyclonedds_ws/build/unitree_go': CMAKE_PREFIX_PATH=/opt/ros/humble /usr/bin/cmake --install /external/src/unitree_ros2/cyclonedds_ws/build/unitree_go
[56.412s] Level 1:colcon.colcon_core.environment:create_environment_scripts_only(unitree_go)
[56.413s] Level 1:colcon.colcon_core.environment:checking '/external/src/unitree_ros2/cyclonedds_ws/install/unitree_go' for CMake module files
[56.414s] DEBUG:colcon.colcon_core.event_handler.log_command:Invoked command in '/external/src/unitree_ros2/cyclonedds_ws/build/unitree_go' returned '0': CMAKE_PREFIX_PATH=/opt/ros/humble /usr/bin/cmake --install /external/src/unitree_ros2/cyclonedds_ws/build/unitree_go
[56.416s] Level 1:colcon.colcon_core.environment:checking '/external/src/unitree_ros2/cyclonedds_ws/install/unitree_go' for CMake config files
[56.422s] Level 1:colcon.colcon_core.shell:create_environment_hook('unitree_go', 'cmake_prefix_path')
[56.423s] INFO:colcon.colcon_core.shell:Creating environment hook '/external/src/unitree_ros2/cyclonedds_ws/install/unitree_go/share/unitree_go/hook/cmake_prefix_path.ps1'
[56.424s] INFO:colcon.colcon_core.shell:Creating environment descriptor '/external/src/unitree_ros2/cyclonedds_ws/install/unitree_go/share/unitree_go/hook/cmake_prefix_path.dsv'
[56.425s] INFO:colcon.colcon_core.shell:Creating environment hook '/external/src/unitree_ros2/cyclonedds_ws/install/unitree_go/share/unitree_go/hook/cmake_prefix_path.sh'
[56.427s] Level 1:colcon.colcon_core.environment:checking '/external/src/unitree_ros2/cyclonedds_ws/install/unitree_go/lib'
[56.428s] Level 1:colcon.colcon_core.shell:create_environment_hook('unitree_go', 'ld_library_path_lib')
[56.428s] INFO:colcon.colcon_core.shell:Creating environment hook '/external/src/unitree_ros2/cyclonedds_ws/install/unitree_go/share/unitree_go/hook/ld_library_path_lib.ps1'
[56.430s] INFO:colcon.colcon_core.shell:Creating environment descriptor '/external/src/unitree_ros2/cyclonedds_ws/install/unitree_go/share/unitree_go/hook/ld_library_path_lib.dsv'
[56.431s] INFO:colcon.colcon_core.shell:Creating environment hook '/external/src/unitree_ros2/cyclonedds_ws/install/unitree_go/share/unitree_go/hook/ld_library_path_lib.sh'
[56.432s] Level 1:colcon.colcon_core.environment:checking '/external/src/unitree_ros2/cyclonedds_ws/install/unitree_go/bin'
[56.432s] Level 1:colcon.colcon_core.environment:checking '/external/src/unitree_ros2/cyclonedds_ws/install/unitree_go/lib/pkgconfig/unitree_go.pc'
[56.433s] Level 1:colcon.colcon_core.environment:checking '/external/src/unitree_ros2/cyclonedds_ws/install/unitree_go/lib/python3.10/site-packages'
[56.434s] Level 1:colcon.colcon_core.environment:checking '/external/src/unitree_ros2/cyclonedds_ws/install/unitree_go/bin'
[56.435s] INFO:colcon.colcon_core.shell:Creating package script '/external/src/unitree_ros2/cyclonedds_ws/install/unitree_go/share/unitree_go/package.ps1'
[56.437s] INFO:colcon.colcon_core.shell:Creating package descriptor '/external/src/unitree_ros2/cyclonedds_ws/install/unitree_go/share/unitree_go/package.dsv'
[56.438s] INFO:colcon.colcon_core.shell:Creating package script '/external/src/unitree_ros2/cyclonedds_ws/install/unitree_go/share/unitree_go/package.sh'
[56.440s] INFO:colcon.colcon_core.shell:Creating package script '/external/src/unitree_ros2/cyclonedds_ws/install/unitree_go/share/unitree_go/package.bash'
[56.441s] INFO:colcon.colcon_core.shell:Creating package script '/external/src/unitree_ros2/cyclonedds_ws/install/unitree_go/share/unitree_go/package.zsh'
[56.442s] Level 1:colcon.colcon_core.environment:create_file_with_runtime_dependencies(/external/src/unitree_ros2/cyclonedds_ws/install/unitree_go/share/colcon-core/packages/unitree_go)
[57.030s] Level 1:colcon.colcon_core.environment:create_environment_scripts_only(unitree_go)
[57.030s] Level 1:colcon.colcon_core.environment:checking '/external/src/unitree_ros2/cyclonedds_ws/install/unitree_go' for CMake module files
[57.032s] Level 1:colcon.colcon_core.environment:checking '/external/src/unitree_ros2/cyclonedds_ws/install/unitree_go' for CMake config files
[57.036s] Level 1:colcon.colcon_core.shell:create_environment_hook('unitree_go', 'cmake_prefix_path')
[57.036s] INFO:colcon.colcon_core.shell:Creating environment hook '/external/src/unitree_ros2/cyclonedds_ws/install/unitree_go/share/unitree_go/hook/cmake_prefix_path.ps1'
[57.037s] INFO:colcon.colcon_core.shell:Creating environment descriptor '/external/src/unitree_ros2/cyclonedds_ws/install/unitree_go/share/unitree_go/hook/cmake_prefix_path.dsv'
[57.038s] INFO:colcon.colcon_core.shell:Creating environment hook '/external/src/unitree_ros2/cyclonedds_ws/install/unitree_go/share/unitree_go/hook/cmake_prefix_path.sh'
[57.039s] Level 1:colcon.colcon_core.environment:checking '/external/src/unitree_ros2/cyclonedds_ws/install/unitree_go/lib'
[57.039s] Level 1:colcon.colcon_core.shell:create_environment_hook('unitree_go', 'ld_library_path_lib')
[57.040s] INFO:colcon.colcon_core.shell:Creating environment hook '/external/src/unitree_ros2/cyclonedds_ws/install/unitree_go/share/unitree_go/hook/ld_library_path_lib.ps1'
[57.041s] INFO:colcon.colcon_core.shell:Creating environment descriptor '/external/src/unitree_ros2/cyclonedds_ws/install/unitree_go/share/unitree_go/hook/ld_library_path_lib.dsv'
[57.041s] INFO:colcon.colcon_core.shell:Creating environment hook '/external/src/unitree_ros2/cyclonedds_ws/install/unitree_go/share/unitree_go/hook/ld_library_path_lib.sh'
[57.042s] Level 1:colcon.colcon_core.environment:checking '/external/src/unitree_ros2/cyclonedds_ws/install/unitree_go/bin'
[57.042s] Level 1:colcon.colcon_core.environment:checking '/external/src/unitree_ros2/cyclonedds_ws/install/unitree_go/lib/pkgconfig/unitree_go.pc'
[57.043s] Level 1:colcon.colcon_core.environment:checking '/external/src/unitree_ros2/cyclonedds_ws/install/unitree_go/lib/python3.10/site-packages'
[57.043s] Level 1:colcon.colcon_core.environment:checking '/external/src/unitree_ros2/cyclonedds_ws/install/unitree_go/bin'
[57.044s] INFO:colcon.colcon_core.shell:Creating package script '/external/src/unitree_ros2/cyclonedds_ws/install/unitree_go/share/unitree_go/package.ps1'
[57.045s] INFO:colcon.colcon_core.shell:Creating package descriptor '/external/src/unitree_ros2/cyclonedds_ws/install/unitree_go/share/unitree_go/package.dsv'
[57.046s] INFO:colcon.colcon_core.shell:Creating package script '/external/src/unitree_ros2/cyclonedds_ws/install/unitree_go/share/unitree_go/package.sh'
[57.047s] INFO:colcon.colcon_core.shell:Creating package script '/external/src/unitree_ros2/cyclonedds_ws/install/unitree_go/share/unitree_go/package.bash'
[57.048s] INFO:colcon.colcon_core.shell:Creating package script '/external/src/unitree_ros2/cyclonedds_ws/install/unitree_go/share/unitree_go/package.zsh'
[57.048s] Level 1:colcon.colcon_core.environment:create_file_with_runtime_dependencies(/external/src/unitree_ros2/cyclonedds_ws/install/unitree_go/share/colcon-core/packages/unitree_go)
[57.049s] DEBUG:colcon.colcon_parallel_executor.executor.parallel:closing loop
[57.049s] DEBUG:colcon.colcon_parallel_executor.executor.parallel:loop closed
[57.050s] DEBUG:colcon.colcon_parallel_executor.executor.parallel:run_until_complete finished with '0'
[57.050s] DEBUG:colcon.colcon_core.event_reactor:joining thread
[57.061s] INFO:colcon.colcon_core.plugin_system:Skipping extension 'colcon_notification.desktop_notification.notify_send': Could not find 'notify-send'
[57.062s] INFO:colcon.colcon_core.plugin_system:Skipping extension 'colcon_notification.desktop_notification.terminal_notifier': Not used on non-Darwin systems
[57.062s] INFO:colcon.colcon_core.plugin_system:Skipping extension 'colcon_notification.desktop_notification.win32': Not used on non-Windows systems
[57.062s] INFO:colcon.colcon_notification.desktop_notification:Sending desktop notification using 'notify2'
[57.067s] DEBUG:colcon.colcon_notification.desktop_notification.notify2:Failed to initialize notify2: org.freedesktop.DBus.Error.Spawn.ExecFailed: /usr/bin/dbus-launch terminated abnormally without any error message
[57.068s] DEBUG:colcon.colcon_core.event_reactor:joined thread
[57.069s] INFO:colcon.colcon_core.shell:Creating prefix script '/external/src/unitree_ros2/cyclonedds_ws/install/local_setup.ps1'
[57.071s] INFO:colcon.colcon_core.shell:Creating prefix util module '/external/src/unitree_ros2/cyclonedds_ws/install/_local_setup_util_ps1.py'
[57.073s] INFO:colcon.colcon_core.shell:Creating prefix chain script '/external/src/unitree_ros2/cyclonedds_ws/install/setup.ps1'
[57.076s] INFO:colcon.colcon_core.shell:Creating prefix script '/external/src/unitree_ros2/cyclonedds_ws/install/local_setup.sh'
[57.077s] INFO:colcon.colcon_core.shell:Creating prefix util module '/external/src/unitree_ros2/cyclonedds_ws/install/_local_setup_util_sh.py'
[57.078s] INFO:colcon.colcon_core.shell:Creating prefix chain script '/external/src/unitree_ros2/cyclonedds_ws/install/setup.sh'
[57.079s] INFO:colcon.colcon_core.shell:Creating prefix script '/external/src/unitree_ros2/cyclonedds_ws/install/local_setup.bash'
[57.080s] INFO:colcon.colcon_core.shell:Creating prefix chain script '/external/src/unitree_ros2/cyclonedds_ws/install/setup.bash'
[57.082s] INFO:colcon.colcon_core.shell:Creating prefix script '/external/src/unitree_ros2/cyclonedds_ws/install/local_setup.zsh'
[57.083s] INFO:colcon.colcon_core.shell:Creating prefix chain script '/external/src/unitree_ros2/cyclonedds_ws/install/setup.zsh'
