[0.021s] Invoking command in '/external/src/unitree_ros2/cyclonedds_ws/build/unitree_api': CMAKE_PREFIX_PATH=/opt/ros/humble /usr/bin/cmake /external/src/unitree_ros2/cyclonedds_ws/src/unitree/unitree_api -DAMENT_CMAKE_SYMLINK_INSTALL=1 -DCMAKE_INSTALL_PREFIX=/external/src/unitree_ros2/cyclonedds_ws/install/unitree_api
[0.113s] -- The C compiler identification is GNU 11.4.0
[0.204s] -- The CXX compiler identification is GNU 11.4.0
[0.216s] -- Detecting C compiler ABI info
[0.328s] -- Detecting C compiler ABI info - done
[0.340s] -- Check for working C compiler: /usr/bin/cc - skipped
[0.341s] -- Detecting C compile features
[0.341s] -- Detecting C compile features - done
[0.348s] -- Detecting CXX compiler ABI info
[0.481s] -- Detecting CXX compiler ABI info - done
[0.493s] -- Check for working CXX compiler: /usr/bin/c++ - skipped
[0.493s] -- Detecting CXX compile features
[0.495s] -- Detecting CXX compile features - done
[0.503s] -- Found ament_cmake: 1.3.10 (/opt/ros/humble/share/ament_cmake/cmake)
[0.791s] -- Found Python3: /usr/bin/python3 (found version "3.10.12") found components: Interpreter 
[0.915s] -- Override CMake install command with custom implementation using symlinks instead of copying resources
[0.980s] -- Found geometry_msgs: 4.2.4 (/opt/ros/humble/share/geometry_msgs/cmake)
[1.054s] -- Found rosidl_generator_c: 3.1.5 (/opt/ros/humble/share/rosidl_generator_c/cmake)
[1.065s] -- Found rosidl_adapter: 3.1.5 (/opt/ros/humble/share/rosidl_adapter/cmake)
[1.082s] -- Found rosidl_generator_cpp: 3.1.5 (/opt/ros/humble/share/rosidl_generator_cpp/cmake)
[1.107s] -- Using all available rosidl_typesupport_c: rosidl_typesupport_fastrtps_c;rosidl_typesupport_introspection_c
[1.139s] -- Using all available rosidl_typesupport_cpp: rosidl_typesupport_fastrtps_cpp;rosidl_typesupport_introspection_cpp
[1.213s] -- Found rosidl_default_generators: 1.2.0 (/opt/ros/humble/share/rosidl_default_generators/cmake)
[1.232s] -- Found rosidl_generator_dds_idl: 0.8.1 (/opt/ros/humble/share/rosidl_generator_dds_idl/cmake)
[1.792s] -- Found ament_cmake_ros: 0.10.0 (/opt/ros/humble/share/ament_cmake_ros/cmake)
[2.545s] -- Using all available rosidl_typesupport_c: rosidl_typesupport_fastrtps_c;rosidl_typesupport_introspection_c
[2.843s] -- Using all available rosidl_typesupport_cpp: rosidl_typesupport_fastrtps_cpp;rosidl_typesupport_introspection_cpp
[2.884s] -- Found PythonInterp: /usr/bin/python3 (found suitable version "3.10.12", minimum required is "3.6") 
[2.888s] -- Found python_cmake_module: 0.10.0 (/opt/ros/humble/share/python_cmake_module/cmake)
[2.933s] -- Found PythonLibs: /usr/lib/aarch64-linux-gnu/libpython3.10.so (found suitable version "3.10.12", minimum required is "3.5") 
[2.933s] -- Using PYTHON_EXECUTABLE: /usr/bin/python3
[2.933s] -- Using PYTHON_INCLUDE_DIRS: /usr/include/python3.10
[2.933s] -- Using PYTHON_LIBRARIES: /usr/lib/aarch64-linux-gnu/libpython3.10.so
[2.973s] -- Found PythonExtra: .so  
[3.122s] -- Found ament_lint_auto: 0.12.11 (/opt/ros/humble/share/ament_lint_auto/cmake)
[3.177s] -- Added test 'copyright' to check source files copyright and LICENSE
[3.180s] -- Added test 'lint_cmake' to check CMake code style
[3.182s] -- Added test 'xmllint' to check XML markup files
[3.189s] -- Configuring done
[3.280s] -- Generating done
[3.285s] -- Build files have been written to: /external/src/unitree_ros2/cyclonedds_ws/build/unitree_api
[3.311s] Invoked command in '/external/src/unitree_ros2/cyclonedds_ws/build/unitree_api' returned '0': CMAKE_PREFIX_PATH=/opt/ros/humble /usr/bin/cmake /external/src/unitree_ros2/cyclonedds_ws/src/unitree/unitree_api -DAMENT_CMAKE_SYMLINK_INSTALL=1 -DCMAKE_INSTALL_PREFIX=/external/src/unitree_ros2/cyclonedds_ws/install/unitree_api
[3.314s] Invoking command in '/external/src/unitree_ros2/cyclonedds_ws/build/unitree_api': CMAKE_PREFIX_PATH=/opt/ros/humble /usr/bin/cmake --build /external/src/unitree_ros2/cyclonedds_ws/build/unitree_api -- -j4 -l4
[3.397s] [  1%] [34m[1mGenerating C code for ROS interfaces[0m
[3.421s] [  3%] [34m[1mGenerating DDS interfaces[0m
[3.423s] [  3%] [34m[1mGenerating C++ code for ROS interfaces[0m
[3.439s] [  3%] Built target ament_cmake_python_symlink_unitree_api
[4.180s] running egg_info
[4.199s] creating unitree_api.egg-info
[4.200s] writing unitree_api.egg-info/PKG-INFO
[4.201s] writing dependency_links to unitree_api.egg-info/dependency_links.txt
[4.202s] writing top-level names to unitree_api.egg-info/top_level.txt
[4.203s] writing manifest file 'unitree_api.egg-info/SOURCES.txt'
[4.208s] reading manifest file 'unitree_api.egg-info/SOURCES.txt'
[4.210s] writing manifest file 'unitree_api.egg-info/SOURCES.txt'
[4.416s] [  3%] Built target ament_cmake_python_build_unitree_api_egg
[4.675s] [  3%] Built target unitree_api__dds_connext_idl
[4.739s] gmake[2]: *** Deleting file 'rosidl_generator_cpp/unitree_api/msg/request.hpp'
[4.740s] gmake[2]: *** Deleting file 'rosidl_generator_c/unitree_api/msg/request.h'
[4.740s] Traceback (most recent call last):
[4.740s]   File "/opt/ros/humble/share/rosidl_generator_cpp/cmake/../../../lib/rosidl_generator_cpp/rosidl_generator_cpp", line 38, in <module>
[4.745s]     sys.exit(main())
[4.745s]   File "/opt/ros/humble/share/rosidl_generator_cpp/cmake/../../../lib/rosidl_generator_cpp/rosidl_generator_cpp", line 34, in main
[4.745s]     generate_cpp(args.generator_arguments_file)
[4.745s]   File "/opt/ros/humble/local/lib/python3.10/dist-packages/rosidl_generator_cpp/__init__.py", line 38, in generate_cpp
[4.746s]     return generate_files(
[4.746s]   File "/opt/ros/humble/local/lib/python3.10/dist-packages/rosidl_cmake/__init__.py", line 87, in generate_files
[4.746s]     expand_template(
[4.746s]   File "/opt/ros/humble/local/lib/python3.10/dist-packages/rosidl_cmake/__init__.py", line 149, in expand_template
[4.746s]     interpreter.string(template_content, template_path, locals=data)
[4.746s]   File "/usr/lib/python3/dist-packages/em.py", line 2391, in string
[4.746s]     self.safe(scanner, True, locals)
[4.747s]   File "/usr/lib/python3/dist-packages/em.py", line 2401, in safe
[4.747s]     self.parse(scanner, locals)
[4.747s]   File "/usr/lib/python3/dist-packages/em.py", line 2421, in parse
[4.747s]     token.run(self, locals)
[4.747s]   File "/usr/lib/python3/dist-packages/em.py", line 1425, in run
[4.747s]     interpreter.execute(self.code, locals)
[4.747s]   File "/usr/lib/python3/dist-packages/em.py", line 2596, in execute
[4.752s]     _exec(statements, self.globals, locals)
[4.752s]   File "<string>", line 6, in <module>
[4.752s]   File "/opt/ros/humble/local/lib/python3.10/dist-packages/rosidl_cmake/__init__.py", line 30, in convert_camel_case_to_lower_case_underscore
[4.755s]     value = re.sub('(.)([A-Z][a-z]+)', r'\1_\2', value)
[4.755s]   File "/usr/lib/python3.10/re.py", line 209, in sub
[4.755s]     return _compile(pattern, flags).sub(repl, string, count)
[4.755s]   File "/usr/lib/python3.10/re.py", line 324, in _subx
[4.757s]     def _subx(pattern, template):
[4.761s] KeyboardInterrupt
[4.764s] gmake[2]: *** [CMakeFiles/unitree_api__rosidl_generator_c.dir/build.make:154: rosidl_generator_c/unitree_api/msg/request.h] Interrupt
[4.764s] gmake[1]: *** [CMakeFiles/Makefile2:214: CMakeFiles/unitree_api__rosidl_generator_c.dir/all] Interrupt
[4.815s] Exception ignored in: <function Interpreter.__del__ at 0xffffb4f6e170>
[4.815s] Traceback (most recent call last):
[4.816s]   File "/usr/lib/python3/dist-packages/em.py", line 2094, in __del__
[4.816s]   File "/usr/lib/python3/dist-packages/em.py", line 2157, in shutdown
[4.816s]   File "/usr/lib/python3/dist-packages/em.py", line 2647, in finalize
[4.816s]   File "/usr/lib/python3/dist-packages/em.py", line 2200, in push
[4.816s] AttributeError: '_io.TextIOWrapper' object has no attribute 'push'
[4.852s] gmake[2]: *** [CMakeFiles/unitree_api__cpp.dir/build.make:186: rosidl_generator_cpp/unitree_api/msg/request.hpp] Interrupt
[4.853s] gmake[1]: *** [CMakeFiles/Makefile2:267: CMakeFiles/unitree_api__cpp.dir/all] Interrupt
[4.853s] gmake: *** [Makefile:146: all] Interrupt
[4.855s] Invoked command in '/external/src/unitree_ros2/cyclonedds_ws/build/unitree_api' returned '-2': CMAKE_PREFIX_PATH=/opt/ros/humble /usr/bin/cmake --build /external/src/unitree_ros2/cyclonedds_ws/build/unitree_api -- -j4 -l4
